Using pre-set license
Built from '2020.3/staging' branch; Version is '2020.3.11f1 (99c7afb366b3) revision 10078127'; Using compiler version '192528614'; Build Type 'Release'
OS: 'Windows 10 Home Single Language; OS build 22621.3085; Version 2009; 64bit' Language: 'en' Physical Memory: 15791 MB
BatchMode: 1, IsHumanControllingUs: 0, StartBugReporterOnCrash: 0, Is64bit: 1, IsPro: 0

 COMMAND LINE ARGUMENTS:
C:\Program Files\Unity\2020.3.11f1\Editor\Unity.exe
-adb2
-batchMode
-noUpm
-name
AssetImportWorker0
-projectPath
C:/Games Dev/Xamk Dev/SHMUP
-logFile
Logs/AssetImportWorker0.log
-srvPort
53770
Successfully changed project path to: C:/Games Dev/Xamk Dev/SHMUP
C:/Games Dev/Xamk Dev/SHMUP
Using Asset Import Pipeline V2.
Refreshing native plugins compatible for Editor in 68.31 ms, found 3 plugins.
Preloading 0 native plugins for Editor in 0.00 ms.
Initialize engine version: 2020.3.11f1 (99c7afb366b3)
[Subsystems] Discovering subsystems at path C:/Program Files/Unity/2020.3.11f1/Editor/Data/Resources/UnitySubsystems
[Subsystems] Discovering subsystems at path C:/Games Dev/Xamk Dev/SHMUP/Assets
GfxDevice: creating device client; threaded=0
Direct3D:
    Version:  Direct3D 11.0 [level 11.1]
    Renderer: NVIDIA GeForce GTX 1650 Ti (ID=0x1f95)
    Vendor:   
    VRAM:     3935 MB
    Driver:   31.0.15.5123
Shader 'Universal Render Pipeline/Particles/Lit': fallback shader 'Universal Render Pipeline/Particles/SimpleLit' not found
Initialize mono
Mono path[0] = 'C:/Program Files/Unity/2020.3.11f1/Editor/Data/Managed'
Mono path[1] = 'C:/Program Files/Unity/2020.3.11f1/Editor/Data/MonoBleedingEdge/lib/mono/unityjit'
Mono config path = 'C:/Program Files/Unity/2020.3.11f1/Editor/Data/MonoBleedingEdge/etc'
Using monoOptions --debugger-agent=transport=dt_socket,embedding=1,server=y,suspend=n,address=127.0.0.1:56008
Begin MonoManager ReloadAssembly
Registering precompiled unity dll's ...
Register platform support module: C:/Program Files/Unity/2020.3.11f1/Editor/Data/PlaybackEngines/WindowsStandaloneSupport/UnityEditor.WindowsStandalone.Extensions.dll
Registered in 0.001609 seconds.
Native extension for WindowsStandalone target not found
Refreshing native plugins compatible for Editor in 65.16 ms, found 3 plugins.
Preloading 0 native plugins for Editor in 0.00 ms.
Mono: successfully reloaded assembly
- Completed reload, in  2.186 seconds
Platform modules already initialized, skipping
Registering precompiled user dll's ...
Registered in 0.009007 seconds.
Begin MonoManager ReloadAssembly
Native extension for WindowsStandalone target not found
Refreshing native plugins compatible for Editor in 67.37 ms, found 3 plugins.
Preloading 0 native plugins for Editor in 0.00 ms.
Mono: successfully reloaded assembly
- Completed reload, in  1.236 seconds
Platform modules already initialized, skipping
========================================================================
Worker process is ready to serve import requests
Shader 'Universal Render Pipeline/Particles/Lit': fallback shader 'Universal Render Pipeline/Particles/SimpleLit' not found
Launched and connected shader compiler UnityShaderCompiler.exe after 0.05 seconds
Refreshing native plugins compatible for Editor in 0.88 ms, found 3 plugins.
Preloading 0 native plugins for Editor in 0.00 ms.
Unloading 3542 Unused Serialized files (Serialized files now loaded: 0)
System memory in use before: 157.9 MB.
System memory in use after: 157.9 MB.

Unloading 44 unused Assets to reduce memory usage. Loaded Objects now: 3966.
Total: 3.883800 ms (FindLiveObjects: 0.538600 ms CreateObjectMapping: 0.151900 ms MarkObjects: 2.997300 ms  DeleteObjects: 0.192900 ms)

========================================================================
Received Import Request.
  path: Assets/Scripts/Menus/AudioOptionsMenu.cs
  artifactKey: Guid(e8faf8a004392214fadb736e64dc1f53) Importer(815301076,1909f56bfc062723c751e8b465ee728b)
Start importing Assets/Scripts/Menus/AudioOptionsMenu.cs using Guid(e8faf8a004392214fadb736e64dc1f53) Importer(815301076,1909f56bfc062723c751e8b465ee728b)  -> (artifact id: 'defdcc263ba46afd1c36a578525acf4b') in 0.066428 seconds
  Import took 0.073695 seconds .

========================================================================
Received Import Request.
  Time since last request: 115.897234 seconds.
  path: Assets/Scenes/Menus/AudioOptionsMenu.unity
  artifactKey: Guid(d175848c5b72e2d45b547c25de649d14) Importer(815301076,1909f56bfc062723c751e8b465ee728b)
Start importing Assets/Scenes/Menus/AudioOptionsMenu.unity using Guid(d175848c5b72e2d45b547c25de649d14) Importer(815301076,1909f56bfc062723c751e8b465ee728b)  -> (artifact id: 'f3dd9a286b4b410254c6f0d2180a82ea') in 0.018034 seconds
  Import took 0.025523 seconds .

========================================================================
Received Import Request.
  Time since last request: 41.332062 seconds.
  path: Assets/Scenes/Menus/MainMenu.unity
  artifactKey: Guid(5ef8310e1c1bec64789e11e45f24a9eb) Importer(815301076,1909f56bfc062723c751e8b465ee728b)
Start importing Assets/Scenes/Menus/MainMenu.unity using Guid(5ef8310e1c1bec64789e11e45f24a9eb) Importer(815301076,1909f56bfc062723c751e8b465ee728b)  -> (artifact id: '00aa10317b77b1f25e02984f1ccdafc0') in 0.009609 seconds
  Import took 0.016282 seconds .

========================================================================
Received Prepare
Registering precompiled user dll's ...
Registered in 0.008471 seconds.
Begin MonoManager ReloadAssembly
Native extension for WindowsStandalone target not found
Refreshing native plugins compatible for Editor in 0.73 ms, found 3 plugins.
Preloading 0 native plugins for Editor in 0.00 ms.
Mono: successfully reloaded assembly
- Completed reload, in  1.142 seconds
Platform modules already initialized, skipping
Shader 'Universal Render Pipeline/Particles/Lit': fallback shader 'Universal Render Pipeline/Particles/SimpleLit' not found
Refreshing native plugins compatible for Editor in 0.73 ms, found 3 plugins.
Preloading 0 native plugins for Editor in 0.00 ms.
Unloading 3433 Unused Serialized files (Serialized files now loaded: 0)
System memory in use before: 151.0 MB.
System memory in use after: 151.1 MB.

Unloading 32 unused Assets to reduce memory usage. Loaded Objects now: 3971.
Total: 3.466100 ms (FindLiveObjects: 0.615900 ms CreateObjectMapping: 0.244300 ms MarkObjects: 2.458100 ms  DeleteObjects: 0.144800 ms)

========================================================================
Received Prepare
Registering precompiled user dll's ...
Registered in 0.008379 seconds.
Begin MonoManager ReloadAssembly
Native extension for WindowsStandalone target not found
Refreshing native plugins compatible for Editor in 0.75 ms, found 3 plugins.
Preloading 0 native plugins for Editor in 0.00 ms.
Mono: successfully reloaded assembly
- Completed reload, in  1.118 seconds
Platform modules already initialized, skipping
Shader 'Universal Render Pipeline/Particles/Lit': fallback shader 'Universal Render Pipeline/Particles/SimpleLit' not found
Refreshing native plugins compatible for Editor in 0.85 ms, found 3 plugins.
Preloading 0 native plugins for Editor in 0.00 ms.
Unloading 3433 Unused Serialized files (Serialized files now loaded: 0)
System memory in use before: 151.1 MB.
System memory in use after: 151.2 MB.

Unloading 32 unused Assets to reduce memory usage. Loaded Objects now: 3976.
Total: 3.429600 ms (FindLiveObjects: 0.457800 ms CreateObjectMapping: 0.162600 ms MarkObjects: 2.661900 ms  DeleteObjects: 0.145300 ms)

========================================================================
Received Import Request.
  Time since last request: 680.943897 seconds.
  path: Assets/Scenes/SplashScene.unity
  artifactKey: Guid(929c73beda02da84ead91f54e2d85823) Importer(815301076,1909f56bfc062723c751e8b465ee728b)
Start importing Assets/Scenes/SplashScene.unity using Guid(929c73beda02da84ead91f54e2d85823) Importer(815301076,1909f56bfc062723c751e8b465ee728b)  -> (artifact id: '9feb1456470d7f255915d04482ceace7') in 0.027812 seconds
  Import took 0.035255 seconds .

========================================================================
Received Prepare
Registering precompiled user dll's ...
Registered in 0.008472 seconds.
Begin MonoManager ReloadAssembly
Native extension for WindowsStandalone target not found
Refreshing native plugins compatible for Editor in 0.74 ms, found 3 plugins.
Preloading 0 native plugins for Editor in 0.00 ms.
Mono: successfully reloaded assembly
- Completed reload, in  1.102 seconds
Platform modules already initialized, skipping
Shader 'Universal Render Pipeline/Particles/Lit': fallback shader 'Universal Render Pipeline/Particles/SimpleLit' not found
Refreshing native plugins compatible for Editor in 0.72 ms, found 3 plugins.
Preloading 0 native plugins for Editor in 0.00 ms.
Unloading 3433 Unused Serialized files (Serialized files now loaded: 0)
System memory in use before: 151.1 MB.
System memory in use after: 151.2 MB.

Unloading 32 unused Assets to reduce memory usage. Loaded Objects now: 3981.
Total: 4.617500 ms (FindLiveObjects: 0.582500 ms CreateObjectMapping: 0.250100 ms MarkObjects: 3.636600 ms  DeleteObjects: 0.146200 ms)

========================================================================
Received Import Request.
  Time since last request: 2269.743394 seconds.
  path: Assets/Scripts/SplashScreen.cs
  artifactKey: Guid(3b8cf63910c5aab4ca4c93a9a876a41f) Importer(815301076,1909f56bfc062723c751e8b465ee728b)
Start importing Assets/Scripts/SplashScreen.cs using Guid(3b8cf63910c5aab4ca4c93a9a876a41f) Importer(815301076,1909f56bfc062723c751e8b465ee728b)  -> (artifact id: '928000282bdf37f71b98a18fb00a3ec8') in 0.014140 seconds
  Import took 0.020970 seconds .

========================================================================
Received Prepare
Registering precompiled user dll's ...
Registered in 0.100847 seconds.
Begin MonoManager ReloadAssembly
Native extension for WindowsStandalone target not found
Refreshing native plugins compatible for Editor in 0.73 ms, found 3 plugins.
Preloading 0 native plugins for Editor in 0.00 ms.
Mono: successfully reloaded assembly
- Completed reload, in  1.147 seconds
Platform modules already initialized, skipping
Shader 'Universal Render Pipeline/Particles/Lit': fallback shader 'Universal Render Pipeline/Particles/SimpleLit' not found
Refreshing native plugins compatible for Editor in 1.09 ms, found 3 plugins.
Preloading 0 native plugins for Editor in 0.00 ms.
Unloading 3434 Unused Serialized files (Serialized files now loaded: 0)
System memory in use before: 151.2 MB.
System memory in use after: 151.3 MB.

Unloading 32 unused Assets to reduce memory usage. Loaded Objects now: 3987.
Total: 3.836700 ms (FindLiveObjects: 0.754800 ms CreateObjectMapping: 0.119800 ms MarkObjects: 2.818500 ms  DeleteObjects: 0.140600 ms)

========================================================================
Received Import Request.
  Time since last request: 242.498242 seconds.
  path: Assets/Scripts/SplashScreen.cs
  artifactKey: Guid(3b8cf63910c5aab4ca4c93a9a876a41f) Importer(815301076,1909f56bfc062723c751e8b465ee728b)
Start importing Assets/Scripts/SplashScreen.cs using Guid(3b8cf63910c5aab4ca4c93a9a876a41f) Importer(815301076,1909f56bfc062723c751e8b465ee728b)  -> (artifact id: '06d274a5c6b96f212eb104fd69e720ea') in 0.013477 seconds
  Import took 0.019366 seconds .

========================================================================
Received Import Request.
  Time since last request: 0.002920 seconds.
  path: Assets/Scripts/SplashScreen.cs
  artifactKey: Guid(3b8cf63910c5aab4ca4c93a9a876a41f) Importer(815301076,1909f56bfc062723c751e8b465ee728b)
Start importing Assets/Scripts/SplashScreen.cs using Guid(3b8cf63910c5aab4ca4c93a9a876a41f) Importer(815301076,1909f56bfc062723c751e8b465ee728b)  -> (artifact id: '06d274a5c6b96f212eb104fd69e720ea') in 0.002368 seconds
  Import took 0.008135 seconds .

========================================================================
Received Prepare
Registering precompiled user dll's ...
Registered in 0.010318 seconds.
Begin MonoManager ReloadAssembly
Native extension for WindowsStandalone target not found
Refreshing native plugins compatible for Editor in 0.73 ms, found 3 plugins.
Preloading 0 native plugins for Editor in 0.00 ms.
Mono: successfully reloaded assembly
- Completed reload, in  1.078 seconds
Platform modules already initialized, skipping
Shader 'Universal Render Pipeline/Particles/Lit': fallback shader 'Universal Render Pipeline/Particles/SimpleLit' not found
Refreshing native plugins compatible for Editor in 0.75 ms, found 3 plugins.
Preloading 0 native plugins for Editor in 0.00 ms.
Unloading 3434 Unused Serialized files (Serialized files now loaded: 0)
System memory in use before: 151.2 MB.
System memory in use after: 151.3 MB.

Unloading 32 unused Assets to reduce memory usage. Loaded Objects now: 3992.
Total: 3.413000 ms (FindLiveObjects: 0.433500 ms CreateObjectMapping: 0.177300 ms MarkObjects: 2.656000 ms  DeleteObjects: 0.144400 ms)

========================================================================
Received Import Request.
  Time since last request: 22.012353 seconds.
  path: Assets/Scripts/SplashScreen.cs
  artifactKey: Guid(3b8cf63910c5aab4ca4c93a9a876a41f) Importer(815301076,1909f56bfc062723c751e8b465ee728b)
Start importing Assets/Scripts/SplashScreen.cs using Guid(3b8cf63910c5aab4ca4c93a9a876a41f) Importer(815301076,1909f56bfc062723c751e8b465ee728b)  -> (artifact id: '09316da8fb9620ab6b1b16e9ecf0e32e') in 0.006086 seconds
  Import took 0.011596 seconds .

========================================================================
Received Prepare
Registering precompiled user dll's ...
Registered in 0.008726 seconds.
Begin MonoManager ReloadAssembly
Native extension for WindowsStandalone target not found
Refreshing native plugins compatible for Editor in 0.73 ms, found 3 plugins.
Preloading 0 native plugins for Editor in 0.00 ms.
Mono: successfully reloaded assembly
- Completed reload, in  1.089 seconds
Platform modules already initialized, skipping
Shader 'Universal Render Pipeline/Particles/Lit': fallback shader 'Universal Render Pipeline/Particles/SimpleLit' not found
Refreshing native plugins compatible for Editor in 0.72 ms, found 3 plugins.
Preloading 0 native plugins for Editor in 0.00 ms.
Unloading 3434 Unused Serialized files (Serialized files now loaded: 0)
System memory in use before: 151.2 MB.
System memory in use after: 151.3 MB.

Unloading 32 unused Assets to reduce memory usage. Loaded Objects now: 3997.
Total: 3.354400 ms (FindLiveObjects: 0.645200 ms CreateObjectMapping: 0.240100 ms MarkObjects: 2.329600 ms  DeleteObjects: 0.136900 ms)

========================================================================
Received Import Request.
  Time since last request: 30.390916 seconds.
  path: Assets/Scripts/SplashScreen.cs
  artifactKey: Guid(3b8cf63910c5aab4ca4c93a9a876a41f) Importer(815301076,1909f56bfc062723c751e8b465ee728b)
Start importing Assets/Scripts/SplashScreen.cs using Guid(3b8cf63910c5aab4ca4c93a9a876a41f) Importer(815301076,1909f56bfc062723c751e8b465ee728b)  -> (artifact id: '21e6be40acf2486d2135cab1b6afc7ff') in 0.006074 seconds
  Import took 0.011609 seconds .

========================================================================
Received Prepare
Registering precompiled user dll's ...
Registered in 0.008559 seconds.
Begin MonoManager ReloadAssembly
Native extension for WindowsStandalone target not found
Refreshing native plugins compatible for Editor in 0.77 ms, found 3 plugins.
Preloading 0 native plugins for Editor in 0.00 ms.
Mono: successfully reloaded assembly
- Completed reload, in  1.111 seconds
Platform modules already initialized, skipping
Shader 'Universal Render Pipeline/Particles/Lit': fallback shader 'Universal Render Pipeline/Particles/SimpleLit' not found
Refreshing native plugins compatible for Editor in 0.74 ms, found 3 plugins.
Preloading 0 native plugins for Editor in 0.00 ms.
Unloading 3434 Unused Serialized files (Serialized files now loaded: 0)
System memory in use before: 151.2 MB.
System memory in use after: 151.3 MB.

Unloading 32 unused Assets to reduce memory usage. Loaded Objects now: 4002.
Total: 3.494600 ms (FindLiveObjects: 0.495700 ms CreateObjectMapping: 0.196100 ms MarkObjects: 2.653400 ms  DeleteObjects: 0.146400 ms)

========================================================================
Received Prepare
Registering precompiled user dll's ...
Registered in 0.009213 seconds.
Begin MonoManager ReloadAssembly
Native extension for WindowsStandalone target not found
Refreshing native plugins compatible for Editor in 0.74 ms, found 3 plugins.
Preloading 0 native plugins for Editor in 0.00 ms.
Mono: successfully reloaded assembly
- Completed reload, in  1.120 seconds
Platform modules already initialized, skipping
Shader 'Universal Render Pipeline/Particles/Lit': fallback shader 'Universal Render Pipeline/Particles/SimpleLit' not found
Refreshing native plugins compatible for Editor in 0.73 ms, found 3 plugins.
Preloading 0 native plugins for Editor in 0.00 ms.
Unloading 3434 Unused Serialized files (Serialized files now loaded: 0)
System memory in use before: 151.2 MB.
System memory in use after: 151.3 MB.

Unloading 32 unused Assets to reduce memory usage. Loaded Objects now: 4007.
Total: 2.918800 ms (FindLiveObjects: 0.352100 ms CreateObjectMapping: 0.082300 ms MarkObjects: 2.324000 ms  DeleteObjects: 0.158500 ms)

========================================================================
Received Prepare
Registering precompiled user dll's ...
Registered in 0.008464 seconds.
Begin MonoManager ReloadAssembly
Native extension for WindowsStandalone target not found
Refreshing native plugins compatible for Editor in 0.73 ms, found 3 plugins.
Preloading 0 native plugins for Editor in 0.00 ms.
Mono: successfully reloaded assembly
- Completed reload, in  1.081 seconds
Platform modules already initialized, skipping
Shader 'Universal Render Pipeline/Particles/Lit': fallback shader 'Universal Render Pipeline/Particles/SimpleLit' not found
Refreshing native plugins compatible for Editor in 0.72 ms, found 3 plugins.
Preloading 0 native plugins for Editor in 0.00 ms.
Unloading 3434 Unused Serialized files (Serialized files now loaded: 0)
System memory in use before: 151.2 MB.
System memory in use after: 151.3 MB.

Unloading 32 unused Assets to reduce memory usage. Loaded Objects now: 4012.
Total: 3.792400 ms (FindLiveObjects: 0.453900 ms CreateObjectMapping: 0.178600 ms MarkObjects: 3.007800 ms  DeleteObjects: 0.150800 ms)

========================================================================
Received Prepare
Registering precompiled user dll's ...
Registered in 0.009187 seconds.
Begin MonoManager ReloadAssembly
Native extension for WindowsStandalone target not found
Refreshing native plugins compatible for Editor in 0.76 ms, found 3 plugins.
Preloading 0 native plugins for Editor in 0.00 ms.
Mono: successfully reloaded assembly
- Completed reload, in  1.092 seconds
Platform modules already initialized, skipping
Shader 'Universal Render Pipeline/Particles/Lit': fallback shader 'Universal Render Pipeline/Particles/SimpleLit' not found
Refreshing native plugins compatible for Editor in 0.73 ms, found 3 plugins.
Preloading 0 native plugins for Editor in 0.00 ms.
Unloading 3434 Unused Serialized files (Serialized files now loaded: 0)
System memory in use before: 151.2 MB.
System memory in use after: 151.3 MB.

Unloading 32 unused Assets to reduce memory usage. Loaded Objects now: 4017.
Total: 3.135500 ms (FindLiveObjects: 0.446800 ms CreateObjectMapping: 0.178700 ms MarkObjects: 2.367200 ms  DeleteObjects: 0.141000 ms)

========================================================================
Received Import Request.
  Time since last request: 1499.755393 seconds.
  path: Assets/Scripts/GameInitializer.cs
  artifactKey: Guid(61cf0ea85ec335a44a4e7ca3ff464cf4) Importer(815301076,1909f56bfc062723c751e8b465ee728b)
Start importing Assets/Scripts/GameInitializer.cs using Guid(61cf0ea85ec335a44a4e7ca3ff464cf4) Importer(815301076,1909f56bfc062723c751e8b465ee728b)  -> (artifact id: '5ec3c9a67f51ccd05e3b63240e54c34e') in 0.013730 seconds
  Import took 0.020260 seconds .

========================================================================
Received Import Request.
  Time since last request: 0.014824 seconds.
  path: Assets/Scripts/GameInitializer.cs
  artifactKey: Guid(61cf0ea85ec335a44a4e7ca3ff464cf4) Importer(815301076,1909f56bfc062723c751e8b465ee728b)
Start importing Assets/Scripts/GameInitializer.cs using Guid(61cf0ea85ec335a44a4e7ca3ff464cf4) Importer(815301076,1909f56bfc062723c751e8b465ee728b)  -> (artifact id: '5ec3c9a67f51ccd05e3b63240e54c34e') in 0.003044 seconds
  Import took 0.009107 seconds .

========================================================================
Received Import Request.
  Time since last request: 187.845925 seconds.
  path: Assets/Scripts/MenuManager.cs
  artifactKey: Guid(c3b4b99217940d849a1067cf038d1152) Importer(815301076,1909f56bfc062723c751e8b465ee728b)
Start importing Assets/Scripts/MenuManager.cs using Guid(c3b4b99217940d849a1067cf038d1152) Importer(815301076,1909f56bfc062723c751e8b465ee728b)  -> (artifact id: '970d68a219827e66ba5d3203420b5e7c') in 0.008313 seconds
  Import took 0.014244 seconds .

========================================================================
Received Prepare
Registering precompiled user dll's ...
Registered in 0.008924 seconds.
Begin MonoManager ReloadAssembly
Native extension for WindowsStandalone target not found
Refreshing native plugins compatible for Editor in 0.73 ms, found 3 plugins.
Preloading 0 native plugins for Editor in 0.00 ms.
Mono: successfully reloaded assembly
- Completed reload, in  1.088 seconds
Platform modules already initialized, skipping
Shader 'Universal Render Pipeline/Particles/Lit': fallback shader 'Universal Render Pipeline/Particles/SimpleLit' not found
Refreshing native plugins compatible for Editor in 0.73 ms, found 3 plugins.
Preloading 0 native plugins for Editor in 0.00 ms.
Unloading 3434 Unused Serialized files (Serialized files now loaded: 0)
System memory in use before: 151.3 MB.
System memory in use after: 151.4 MB.

Unloading 32 unused Assets to reduce memory usage. Loaded Objects now: 4022.
Total: 3.347300 ms (FindLiveObjects: 0.337900 ms CreateObjectMapping: 0.094900 ms MarkObjects: 2.759600 ms  DeleteObjects: 0.154000 ms)

========================================================================
Received Import Request.
  Time since last request: 11438.457252 seconds.
  path: Assets/Scripts/Menus/MenuManager.cs
  artifactKey: Guid(7c9a120031963694e8188c23ce7ced0b) Importer(815301076,1909f56bfc062723c751e8b465ee728b)
Start importing Assets/Scripts/Menus/MenuManager.cs using Guid(7c9a120031963694e8188c23ce7ced0b) Importer(815301076,1909f56bfc062723c751e8b465ee728b)  -> (artifact id: '2795d58f6e18184f59ef26f200715db4') in 0.014323 seconds
  Import took 0.021205 seconds .

========================================================================
Received Import Request.
  Time since last request: 0.022756 seconds.
  path: Assets/Scripts/Menus/MenuManager.cs
  artifactKey: Guid(7c9a120031963694e8188c23ce7ced0b) Importer(815301076,1909f56bfc062723c751e8b465ee728b)
Start importing Assets/Scripts/Menus/MenuManager.cs using Guid(7c9a120031963694e8188c23ce7ced0b) Importer(815301076,1909f56bfc062723c751e8b465ee728b)  -> (artifact id: '2795d58f6e18184f59ef26f200715db4') in 0.002744 seconds
  Import took 0.008231 seconds .

========================================================================
Received Import Request.
  Time since last request: 87.808448 seconds.
  path: Assets/Scripts/Menus/MenuManager.cs
  artifactKey: Guid(7c9a120031963694e8188c23ce7ced0b) Importer(815301076,1909f56bfc062723c751e8b465ee728b)
Start importing Assets/Scripts/Menus/MenuManager.cs using Guid(7c9a120031963694e8188c23ce7ced0b) Importer(815301076,1909f56bfc062723c751e8b465ee728b)  -> (artifact id: '822c0e7ee4df25542dabaf52e997f034') in 0.002541 seconds
  Import took 0.008422 seconds .

========================================================================
Received Import Request.
  Time since last request: 385.842390 seconds.
  path: Assets/Scripts/GameInitializer.cs
  artifactKey: Guid(61cf0ea85ec335a44a4e7ca3ff464cf4) Importer(815301076,1909f56bfc062723c751e8b465ee728b)
Start importing Assets/Scripts/GameInitializer.cs using Guid(61cf0ea85ec335a44a4e7ca3ff464cf4) Importer(815301076,1909f56bfc062723c751e8b465ee728b)  -> (artifact id: '8167e6c6b9158442c262476e40dc9d37') in 0.002493 seconds
  Import took 0.008708 seconds .

========================================================================
Received Import Request.
  Time since last request: 0.000711 seconds.
  path: Assets/Scripts/GameInitializer.cs
  artifactKey: Guid(61cf0ea85ec335a44a4e7ca3ff464cf4) Importer(815301076,1909f56bfc062723c751e8b465ee728b)
Start importing Assets/Scripts/GameInitializer.cs using Guid(61cf0ea85ec335a44a4e7ca3ff464cf4) Importer(815301076,1909f56bfc062723c751e8b465ee728b)  -> (artifact id: '8167e6c6b9158442c262476e40dc9d37') in 0.002399 seconds
  Import took 0.007923 seconds .

AssetImportWorkerClient::OnTransportError - code=2 error=End of file
