Using pre-set license
Built from '2020.3/staging' branch; Version is '2020.3.11f1 (99c7afb366b3) revision 10078127'; Using compiler version '192528614'; Build Type 'Release'
OS: 'Windows 10 Home Single Language; OS build 22621.2134; Version 2009; 64bit' Language: 'en' Physical Memory: 15791 MB
BatchMode: 1, IsHumanControllingUs: 0, StartBugReporterOnCrash: 0, Is64bit: 1, IsPro: 0

 COMMAND LINE ARGUMENTS:
C:\Program Files\Unity\2020.3.11f1\Editor\Unity.exe
-adb2
-batchMode
-noUpm
-name
AssetImportWorker0
-projectPath
C:/Games Dev/Xamk Dev/SHMUP
-logFile
Logs/AssetImportWorker0.log
-srvPort
55441
Successfully changed project path to: C:/Games Dev/Xamk Dev/SHMUP
C:/Games Dev/Xamk Dev/SHMUP
Using Asset Import Pipeline V2.
Refreshing native plugins compatible for Editor in 77.15 ms, found 3 plugins.
Preloading 0 native plugins for Editor in 0.00 ms.
Initialize engine version: 2020.3.11f1 (99c7afb366b3)
[Subsystems] Discovering subsystems at path C:/Program Files/Unity/2020.3.11f1/Editor/Data/Resources/UnitySubsystems
[Subsystems] Discovering subsystems at path C:/Games Dev/Xamk Dev/SHMUP/Assets
GfxDevice: creating device client; threaded=0
Direct3D:
    Version:  Direct3D 11.0 [level 11.1]
    Renderer: NVIDIA GeForce GTX 1650 Ti (ID=0x1f95)
    Vendor:   
    VRAM:     3949 MB
    Driver:   31.0.15.3713
Shader 'Universal Render Pipeline/Particles/Lit': fallback shader 'Universal Render Pipeline/Particles/SimpleLit' not found
Initialize mono
Mono path[0] = 'C:/Program Files/Unity/2020.3.11f1/Editor/Data/Managed'
Mono path[1] = 'C:/Program Files/Unity/2020.3.11f1/Editor/Data/MonoBleedingEdge/lib/mono/unityjit'
Mono config path = 'C:/Program Files/Unity/2020.3.11f1/Editor/Data/MonoBleedingEdge/etc'
Using monoOptions --debugger-agent=transport=dt_socket,embedding=1,server=y,suspend=n,address=127.0.0.1:56824
Begin MonoManager ReloadAssembly
Registering precompiled unity dll's ...
Register platform support module: C:/Program Files/Unity/2020.3.11f1/Editor/Data/PlaybackEngines/WindowsStandaloneSupport/UnityEditor.WindowsStandalone.Extensions.dll
Registered in 0.001604 seconds.
Native extension for WindowsStandalone target not found
Refreshing native plugins compatible for Editor in 66.59 ms, found 3 plugins.
Preloading 0 native plugins for Editor in 0.00 ms.
Mono: successfully reloaded assembly
- Completed reload, in  2.533 seconds
Platform modules already initialized, skipping
Registering precompiled user dll's ...
Registered in 0.104685 seconds.
Begin MonoManager ReloadAssembly
Native extension for WindowsStandalone target not found
Refreshing native plugins compatible for Editor in 66.59 ms, found 3 plugins.
Preloading 0 native plugins for Editor in 0.00 ms.
Mono: successfully reloaded assembly
- Completed reload, in  1.314 seconds
Platform modules already initialized, skipping
========================================================================
Worker process is ready to serve import requests
Shader 'Universal Render Pipeline/Particles/Lit': fallback shader 'Universal Render Pipeline/Particles/SimpleLit' not found
Launched and connected shader compiler UnityShaderCompiler.exe after 0.10 seconds
Refreshing native plugins compatible for Editor in 1.52 ms, found 3 plugins.
Preloading 0 native plugins for Editor in 0.00 ms.
Unloading 3526 Unused Serialized files (Serialized files now loaded: 0)
System memory in use before: 157.5 MB.
System memory in use after: 157.5 MB.

Unloading 44 unused Assets to reduce memory usage. Loaded Objects now: 3950.
Total: 4.571800 ms (FindLiveObjects: 1.067700 ms CreateObjectMapping: 0.379900 ms MarkObjects: 2.959000 ms  DeleteObjects: 0.160000 ms)

========================================================================
Received Import Request.
  path: Assets/Scenes/Menus/TitleScreenMenu.unity
  artifactKey: Guid(dd488d6570460be4f92b0b340a9fc86b) Importer(815301076,1909f56bfc062723c751e8b465ee728b)
Start importing Assets/Scenes/Menus/TitleScreenMenu.unity using Guid(dd488d6570460be4f92b0b340a9fc86b) Importer(815301076,1909f56bfc062723c751e8b465ee728b)  -> (artifact id: '518df6e271848fdbd41c0257ff1692ff') in 0.025378 seconds
  Import took 0.032084 seconds .

========================================================================
Received Prepare
Registering precompiled user dll's ...
Registered in 0.008299 seconds.
Begin MonoManager ReloadAssembly
Native extension for WindowsStandalone target not found
Refreshing native plugins compatible for Editor in 0.74 ms, found 3 plugins.
Preloading 0 native plugins for Editor in 0.00 ms.
Mono: successfully reloaded assembly
- Completed reload, in  1.146 seconds
Platform modules already initialized, skipping
Shader 'Universal Render Pipeline/Particles/Lit': fallback shader 'Universal Render Pipeline/Particles/SimpleLit' not found
Refreshing native plugins compatible for Editor in 0.72 ms, found 3 plugins.
Preloading 0 native plugins for Editor in 0.00 ms.
Unloading 3417 Unused Serialized files (Serialized files now loaded: 0)
System memory in use before: 150.6 MB.
System memory in use after: 150.7 MB.

Unloading 32 unused Assets to reduce memory usage. Loaded Objects now: 3955.
Total: 3.477000 ms (FindLiveObjects: 0.339500 ms CreateObjectMapping: 0.091100 ms MarkObjects: 2.899300 ms  DeleteObjects: 0.145200 ms)

========================================================================
Received Prepare
Registering precompiled user dll's ...
Registered in 0.008418 seconds.
Begin MonoManager ReloadAssembly
Native extension for WindowsStandalone target not found
Refreshing native plugins compatible for Editor in 0.73 ms, found 3 plugins.
Preloading 0 native plugins for Editor in 0.00 ms.
Mono: successfully reloaded assembly
- Completed reload, in  1.118 seconds
Platform modules already initialized, skipping
Shader 'Universal Render Pipeline/Particles/Lit': fallback shader 'Universal Render Pipeline/Particles/SimpleLit' not found
Refreshing native plugins compatible for Editor in 1.03 ms, found 3 plugins.
Preloading 0 native plugins for Editor in 0.00 ms.
Unloading 3417 Unused Serialized files (Serialized files now loaded: 0)
System memory in use before: 150.7 MB.
System memory in use after: 150.8 MB.

Unloading 32 unused Assets to reduce memory usage. Loaded Objects now: 3960.
Total: 4.223300 ms (FindLiveObjects: 0.585900 ms CreateObjectMapping: 0.306400 ms MarkObjects: 3.186900 ms  DeleteObjects: 0.141500 ms)

========================================================================
Received Import Request.
  Time since last request: 230.650725 seconds.
  path: Assets/Scenes/Menus/TitleScreenMenu.unity
  artifactKey: Guid(dd488d6570460be4f92b0b340a9fc86b) Importer(815301076,1909f56bfc062723c751e8b465ee728b)
Start importing Assets/Scenes/Menus/TitleScreenMenu.unity using Guid(dd488d6570460be4f92b0b340a9fc86b) Importer(815301076,1909f56bfc062723c751e8b465ee728b)  -> (artifact id: '3fea21cd5a610ff9850793ca509050ef') in 0.025504 seconds
  Import took 0.032125 seconds .

========================================================================
Received Import Request.
  Time since last request: 78.931469 seconds.
  path: Assets/Scenes/GamePlayScene.unity
  artifactKey: Guid(7a97158794858884da82b709b34bbb56) Importer(815301076,1909f56bfc062723c751e8b465ee728b)
Start importing Assets/Scenes/GamePlayScene.unity using Guid(7a97158794858884da82b709b34bbb56) Importer(815301076,1909f56bfc062723c751e8b465ee728b)  -> (artifact id: 'f3029e7653170904d561ff2741f5ace0') in 0.008684 seconds
  Import took 0.015269 seconds .

========================================================================
Received Import Request.
  Time since last request: 21.310847 seconds.
  path: Assets/Scenes/Menus/TitleScreenMenu.unity
  artifactKey: Guid(dd488d6570460be4f92b0b340a9fc86b) Importer(815301076,1909f56bfc062723c751e8b465ee728b)
Start importing Assets/Scenes/Menus/TitleScreenMenu.unity using Guid(dd488d6570460be4f92b0b340a9fc86b) Importer(815301076,1909f56bfc062723c751e8b465ee728b)  -> (artifact id: 'd7235a5c1b23e81daf02eedd21b0bb3c') in 0.002866 seconds
  Import took 0.009163 seconds .

========================================================================
Received Prepare
Registering precompiled user dll's ...
Registered in 0.012894 seconds.
Begin MonoManager ReloadAssembly
Native extension for WindowsStandalone target not found
Refreshing native plugins compatible for Editor in 1.04 ms, found 3 plugins.
Preloading 0 native plugins for Editor in 0.00 ms.
Mono: successfully reloaded assembly
- Completed reload, in  1.319 seconds
Platform modules already initialized, skipping
Shader 'Universal Render Pipeline/Particles/Lit': fallback shader 'Universal Render Pipeline/Particles/SimpleLit' not found
Refreshing native plugins compatible for Editor in 1.09 ms, found 3 plugins.
Preloading 0 native plugins for Editor in 0.00 ms.
Unloading 3417 Unused Serialized files (Serialized files now loaded: 0)
System memory in use before: 150.7 MB.
System memory in use after: 150.8 MB.

Unloading 32 unused Assets to reduce memory usage. Loaded Objects now: 3965.
Total: 4.121800 ms (FindLiveObjects: 0.566700 ms CreateObjectMapping: 0.169200 ms MarkObjects: 3.148600 ms  DeleteObjects: 0.234200 ms)

========================================================================
Received Import Request.
  Time since last request: 708.656113 seconds.
  path: Assets/Scenes/Menus/TitleScreenMenu 1.unity
  artifactKey: Guid(d175848c5b72e2d45b547c25de649d14) Importer(815301076,1909f56bfc062723c751e8b465ee728b)
Start importing Assets/Scenes/Menus/TitleScreenMenu 1.unity using Guid(d175848c5b72e2d45b547c25de649d14) Importer(815301076,1909f56bfc062723c751e8b465ee728b)  -> (artifact id: '5ef7874e3878bb62851cd11a867802ae') in 0.026295 seconds
  Import took 0.033195 seconds .

========================================================================
Received Import Request.
  Time since last request: 5.992151 seconds.
  path: Assets/Scenes/Menus/TitleScreenMenu 2.unity
  artifactKey: Guid(a2bfa4aa00619294694b012dd57ca3cb) Importer(815301076,1909f56bfc062723c751e8b465ee728b)
Start importing Assets/Scenes/Menus/TitleScreenMenu 2.unity using Guid(a2bfa4aa00619294694b012dd57ca3cb) Importer(815301076,1909f56bfc062723c751e8b465ee728b)  -> (artifact id: 'a0bdf22544bce7fef1b4552705afac3b') in 0.014563 seconds
  Import took 0.021475 seconds .

========================================================================
Received Import Request.
  Time since last request: 0.216205 seconds.
  path: Assets/Scenes/Menus/TitleScreenMenu 3.unity
  artifactKey: Guid(963c26fd6afa5974997a135c10ad330b) Importer(815301076,1909f56bfc062723c751e8b465ee728b)
Start importing Assets/Scenes/Menus/TitleScreenMenu 3.unity using Guid(963c26fd6afa5974997a135c10ad330b) Importer(815301076,1909f56bfc062723c751e8b465ee728b)  -> (artifact id: '457c969d2f5c835e81e295fa8892b9a3') in 0.008831 seconds
  Import took 0.015202 seconds .

========================================================================
Received Import Request.
  Time since last request: 0.190373 seconds.
  path: Assets/Scenes/Menus/TitleScreenMenu 4.unity
  artifactKey: Guid(06c6670d4d91c164e980907b3edda2dc) Importer(815301076,1909f56bfc062723c751e8b465ee728b)
Start importing Assets/Scenes/Menus/TitleScreenMenu 4.unity using Guid(06c6670d4d91c164e980907b3edda2dc) Importer(815301076,1909f56bfc062723c751e8b465ee728b)  -> (artifact id: '8010d330a0cd2e39f7e56ba109bf422e') in 0.007894 seconds
  Import took 0.014252 seconds .

========================================================================
Received Import Request.
  Time since last request: 0.178578 seconds.
  path: Assets/Scenes/Menus/TitleScreenMenu 5.unity
  artifactKey: Guid(c45cfb3d343b1ad41b2a119942e1dba2) Importer(815301076,1909f56bfc062723c751e8b465ee728b)
Start importing Assets/Scenes/Menus/TitleScreenMenu 5.unity using Guid(c45cfb3d343b1ad41b2a119942e1dba2) Importer(815301076,1909f56bfc062723c751e8b465ee728b)  -> (artifact id: '7a00ec9e77f4a240c2c31576e77bdd16') in 0.008477 seconds
  Import took 0.014181 seconds .

========================================================================
Received Import Request.
  Time since last request: 0.836915 seconds.
  path: Assets/Scenes/Menus/TitleScreenMenu 6.unity
  artifactKey: Guid(4ec98a20e6637a4458db573b1c2b4203) Importer(815301076,1909f56bfc062723c751e8b465ee728b)
Start importing Assets/Scenes/Menus/TitleScreenMenu 6.unity using Guid(4ec98a20e6637a4458db573b1c2b4203) Importer(815301076,1909f56bfc062723c751e8b465ee728b)  -> (artifact id: '19f2820dc3c110fd82ef811b7df78cef') in 0.008835 seconds
  Import took 0.015199 seconds .

========================================================================
Received Import Request.
  Time since last request: 0.221749 seconds.
  path: Assets/Scenes/Menus/TitleScreenMenu 7.unity
  artifactKey: Guid(7658ce4c00959fa4ca23b92e98014fcd) Importer(815301076,1909f56bfc062723c751e8b465ee728b)
Start importing Assets/Scenes/Menus/TitleScreenMenu 7.unity using Guid(7658ce4c00959fa4ca23b92e98014fcd) Importer(815301076,1909f56bfc062723c751e8b465ee728b)  -> (artifact id: '17b3f0f7f9230313998377e8855a4d86') in 0.008101 seconds
  Import took 0.014434 seconds .

========================================================================
Received Import Request.
  Time since last request: 0.497396 seconds.
  path: Assets/Scenes/Menus/TitleScreenMenu 8.unity
  artifactKey: Guid(0f218eb93d0e8e444a9c80be22d9383b) Importer(815301076,1909f56bfc062723c751e8b465ee728b)
Start importing Assets/Scenes/Menus/TitleScreenMenu 8.unity using Guid(0f218eb93d0e8e444a9c80be22d9383b) Importer(815301076,1909f56bfc062723c751e8b465ee728b)  -> (artifact id: '36a74002967dbca022243c403caa66eb') in 0.008786 seconds
  Import took 0.014648 seconds .

========================================================================
Received Import Request.
  Time since last request: 0.606777 seconds.
  path: Assets/Scenes/Menus/TitleScreenMenu 9.unity
  artifactKey: Guid(b476979c3ec779f4a80d72db932090a4) Importer(815301076,1909f56bfc062723c751e8b465ee728b)
Start importing Assets/Scenes/Menus/TitleScreenMenu 9.unity using Guid(b476979c3ec779f4a80d72db932090a4) Importer(815301076,1909f56bfc062723c751e8b465ee728b)  -> (artifact id: '97afb23b0d818a94d43f9474b5f23ac2') in 0.008262 seconds
  Import took 0.015482 seconds .

========================================================================
Received Import Request.
  Time since last request: 0.510751 seconds.
  path: Assets/Scenes/Menus/TitleScreenMenu 10.unity
  artifactKey: Guid(9e87d4b212ae8664594e932134b12e88) Importer(815301076,1909f56bfc062723c751e8b465ee728b)
Start importing Assets/Scenes/Menus/TitleScreenMenu 10.unity using Guid(9e87d4b212ae8664594e932134b12e88) Importer(815301076,1909f56bfc062723c751e8b465ee728b)  -> (artifact id: '459da87ea11c279cd5d42ccfc4696b62') in 0.008732 seconds
  Import took 0.014581 seconds .

========================================================================
Received Import Request.
  Time since last request: 28.403396 seconds.
  path: Assets/Scenes/Menus/AudioOptionsMenu.unity
  artifactKey: Guid(d175848c5b72e2d45b547c25de649d14) Importer(815301076,1909f56bfc062723c751e8b465ee728b)
Start importing Assets/Scenes/Menus/AudioOptionsMenu.unity using Guid(d175848c5b72e2d45b547c25de649d14) Importer(815301076,1909f56bfc062723c751e8b465ee728b)  -> (artifact id: '7ab5406947d05c903ca5a0df26f3159f') in 0.008877 seconds
  Import took 0.014631 seconds .

========================================================================
Received Import Request.
  Time since last request: 20.283591 seconds.
  path: Assets/Scenes/Menus/ControlOptionsMenu.unity
  artifactKey: Guid(a2bfa4aa00619294694b012dd57ca3cb) Importer(815301076,1909f56bfc062723c751e8b465ee728b)
Start importing Assets/Scenes/Menus/ControlOptionsMenu.unity using Guid(a2bfa4aa00619294694b012dd57ca3cb) Importer(815301076,1909f56bfc062723c751e8b465ee728b)  -> (artifact id: 'eb0803c88899884fa54b00f8e7acfcdd') in 0.009855 seconds
  Import took 0.015616 seconds .

========================================================================
Received Import Request.
  Time since last request: 16.583945 seconds.
  path: Assets/Scenes/Menus/CraftSelectMenu.unity
  artifactKey: Guid(963c26fd6afa5974997a135c10ad330b) Importer(815301076,1909f56bfc062723c751e8b465ee728b)
Start importing Assets/Scenes/Menus/CraftSelectMenu.unity using Guid(963c26fd6afa5974997a135c10ad330b) Importer(815301076,1909f56bfc062723c751e8b465ee728b)  -> (artifact id: '4b95c7b34f083d3a0bac11cb54e00fcb') in 0.008379 seconds
  Import took 0.013911 seconds .

========================================================================
Received Import Request.
  Time since last request: 23.485748 seconds.
  path: Assets/Scenes/Menus/CreditsMenu.unity
  artifactKey: Guid(06c6670d4d91c164e980907b3edda2dc) Importer(815301076,1909f56bfc062723c751e8b465ee728b)
Start importing Assets/Scenes/Menus/CreditsMenu.unity using Guid(06c6670d4d91c164e980907b3edda2dc) Importer(815301076,1909f56bfc062723c751e8b465ee728b)  -> (artifact id: '287ccc3c29b0984a9fa9c39a04c7c0e5') in 0.008405 seconds
  Import took 0.014478 seconds .

========================================================================
Received Import Request.
  Time since last request: 13.505556 seconds.
  path: Assets/Scenes/Menus/MedalsMenu.unity
  artifactKey: Guid(c45cfb3d343b1ad41b2a119942e1dba2) Importer(815301076,1909f56bfc062723c751e8b465ee728b)
Start importing Assets/Scenes/Menus/MedalsMenu.unity using Guid(c45cfb3d343b1ad41b2a119942e1dba2) Importer(815301076,1909f56bfc062723c751e8b465ee728b)  -> (artifact id: '8b1b099638c9685505118170d575b92e') in 0.008764 seconds
  Import took 0.013811 seconds .

========================================================================
Received Import Request.
  Time since last request: 34.959439 seconds.
  path: Assets/Scenes/Menus/OptionsMenu.unity
  artifactKey: Guid(4ec98a20e6637a4458db573b1c2b4203) Importer(815301076,1909f56bfc062723c751e8b465ee728b)
Start importing Assets/Scenes/Menus/OptionsMenu.unity using Guid(4ec98a20e6637a4458db573b1c2b4203) Importer(815301076,1909f56bfc062723c751e8b465ee728b)  -> (artifact id: 'fb9c23a8b7964eb9d8e8d5474acc3fec') in 0.008875 seconds
  Import took 0.014849 seconds .

========================================================================
Received Import Request.
  Time since last request: 15.649315 seconds.
  path: Assets/Scenes/Menus/PauseMenu.unity
  artifactKey: Guid(7658ce4c00959fa4ca23b92e98014fcd) Importer(815301076,1909f56bfc062723c751e8b465ee728b)
Start importing Assets/Scenes/Menus/PauseMenu.unity using Guid(7658ce4c00959fa4ca23b92e98014fcd) Importer(815301076,1909f56bfc062723c751e8b465ee728b)  -> (artifact id: '20e65b8dcf1c99432291019fea1ca4c7') in 0.007885 seconds
  Import took 0.013562 seconds .

========================================================================
Received Import Request.
  Time since last request: 13.602282 seconds.
  path: Assets/Scenes/Menus/PlayMenu.unity
  artifactKey: Guid(0f218eb93d0e8e444a9c80be22d9383b) Importer(815301076,1909f56bfc062723c751e8b465ee728b)
Start importing Assets/Scenes/Menus/PlayMenu.unity using Guid(0f218eb93d0e8e444a9c80be22d9383b) Importer(815301076,1909f56bfc062723c751e8b465ee728b)  -> (artifact id: '2fe5aa5d9bd3b6c44f8b740495da414f') in 0.007514 seconds
  Import took 0.013181 seconds .

========================================================================
Received Import Request.
  Time since last request: 60.179709 seconds.
  path: Assets/Scenes/Menus/PracticeArenaMenu.unity
  artifactKey: Guid(b476979c3ec779f4a80d72db932090a4) Importer(815301076,1909f56bfc062723c751e8b465ee728b)
Start importing Assets/Scenes/Menus/PracticeArenaMenu.unity using Guid(b476979c3ec779f4a80d72db932090a4) Importer(815301076,1909f56bfc062723c751e8b465ee728b)  -> (artifact id: '55d4f0adea290205afeade1b42a4fe02') in 0.008794 seconds
  Import took 0.014231 seconds .

========================================================================
Received Import Request.
  Time since last request: 13.926097 seconds.
  path: Assets/Scenes/Menus/PracticeMenu.unity
  artifactKey: Guid(9e87d4b212ae8664594e932134b12e88) Importer(815301076,1909f56bfc062723c751e8b465ee728b)
Start importing Assets/Scenes/Menus/PracticeMenu.unity using Guid(9e87d4b212ae8664594e932134b12e88) Importer(815301076,1909f56bfc062723c751e8b465ee728b)  -> (artifact id: 'b893b5d8426a5293960a0c0028cb048c') in 0.009710 seconds
  Import took 0.016112 seconds .

========================================================================
Received Import Request.
  Time since last request: 3.453872 seconds.
  path: Assets/Scenes/Menus/TitleScreenMenu 1.unity
  artifactKey: Guid(32b22c5596b17f842be6ef3e2716a928) Importer(815301076,1909f56bfc062723c751e8b465ee728b)
Start importing Assets/Scenes/Menus/TitleScreenMenu 1.unity using Guid(32b22c5596b17f842be6ef3e2716a928) Importer(815301076,1909f56bfc062723c751e8b465ee728b)  -> (artifact id: '66e4151b07b1dc8ef1ff6b8b74ae0a71') in 0.002930 seconds
  Import took 0.009049 seconds .

========================================================================
Received Import Request.
  Time since last request: 1.360887 seconds.
  path: Assets/Scenes/Menus/TitleScreenMenu 2.unity
  artifactKey: Guid(013372c11e0859c4d9ccb879a1d4506b) Importer(815301076,1909f56bfc062723c751e8b465ee728b)
Start importing Assets/Scenes/Menus/TitleScreenMenu 2.unity using Guid(013372c11e0859c4d9ccb879a1d4506b) Importer(815301076,1909f56bfc062723c751e8b465ee728b)  -> (artifact id: '4b605f38a54d002c6e6773506f5758e6') in 0.002995 seconds
  Import took 0.008557 seconds .

========================================================================
Received Import Request.
  Time since last request: 0.498482 seconds.
  path: Assets/Scenes/Menus/TitleScreenMenu 3.unity
  artifactKey: Guid(db635ed633ccb8d4d86f0d39565c609c) Importer(815301076,1909f56bfc062723c751e8b465ee728b)
Start importing Assets/Scenes/Menus/TitleScreenMenu 3.unity using Guid(db635ed633ccb8d4d86f0d39565c609c) Importer(815301076,1909f56bfc062723c751e8b465ee728b)  -> (artifact id: '24109173eb8dc9b331d7f464a60cdf6e') in 0.002840 seconds
  Import took 0.009376 seconds .

========================================================================
Received Import Request.
  Time since last request: 19.774079 seconds.
  path: Assets/Scenes/Menus/PacticeStageMenu.unity
  artifactKey: Guid(32b22c5596b17f842be6ef3e2716a928) Importer(815301076,1909f56bfc062723c751e8b465ee728b)
Start importing Assets/Scenes/Menus/PacticeStageMenu.unity using Guid(32b22c5596b17f842be6ef3e2716a928) Importer(815301076,1909f56bfc062723c751e8b465ee728b)  -> (artifact id: '677f00d66347c51c2657fc12af7fb36b') in 0.008621 seconds
  Import took 0.014145 seconds .

========================================================================
Received Import Request.
  Time since last request: 16.066538 seconds.
  path: Assets/Scenes/Menus/PracticeStageMenu.unity
  artifactKey: Guid(32b22c5596b17f842be6ef3e2716a928) Importer(815301076,1909f56bfc062723c751e8b465ee728b)
Start importing Assets/Scenes/Menus/PracticeStageMenu.unity using Guid(32b22c5596b17f842be6ef3e2716a928) Importer(815301076,1909f56bfc062723c751e8b465ee728b)  -> (artifact id: 'd769b2df61fefd911df02f6baad572f6') in 0.008780 seconds
  Import took 0.013948 seconds .

========================================================================
Received Import Request.
  Time since last request: 14.163049 seconds.
  path: Assets/Scenes/Menus/ReplayMenu.unity
  artifactKey: Guid(013372c11e0859c4d9ccb879a1d4506b) Importer(815301076,1909f56bfc062723c751e8b465ee728b)
Start importing Assets/Scenes/Menus/ReplayMenu.unity using Guid(013372c11e0859c4d9ccb879a1d4506b) Importer(815301076,1909f56bfc062723c751e8b465ee728b)  -> (artifact id: '9d2242a8be3f77f3aa7688a47c746314') in 0.008934 seconds
  Import took 0.014516 seconds .

========================================================================
Received Import Request.
  Time since last request: 63.029950 seconds.
  path: Assets/Scenes/Menus/ReplaysMenu.unity
  artifactKey: Guid(013372c11e0859c4d9ccb879a1d4506b) Importer(815301076,1909f56bfc062723c751e8b465ee728b)
Start importing Assets/Scenes/Menus/ReplaysMenu.unity using Guid(013372c11e0859c4d9ccb879a1d4506b) Importer(815301076,1909f56bfc062723c751e8b465ee728b)  -> (artifact id: 'abdfb3d265293d5a1cf912ecb64c373b') in 0.010375 seconds
  Import took 0.016887 seconds .

========================================================================
Received Import Request.
  Time since last request: 16.153312 seconds.
  path: Assets/Scenes/Menus/ScoresMenu.unity
  artifactKey: Guid(db635ed633ccb8d4d86f0d39565c609c) Importer(815301076,1909f56bfc062723c751e8b465ee728b)
Start importing Assets/Scenes/Menus/ScoresMenu.unity using Guid(db635ed633ccb8d4d86f0d39565c609c) Importer(815301076,1909f56bfc062723c751e8b465ee728b)  -> (artifact id: '3f70b082185e3a4bc0a6d2db295b0c6f') in 0.008037 seconds
  Import took 0.013768 seconds .

========================================================================
Received Import Request.
  Time since last request: 2.581333 seconds.
  path: Assets/Scenes/Menus/TitleScreenMenu 1.unity
  artifactKey: Guid(c3bd1500f1c8f3843a3dd8a0b67e6293) Importer(815301076,1909f56bfc062723c751e8b465ee728b)
Start importing Assets/Scenes/Menus/TitleScreenMenu 1.unity using Guid(c3bd1500f1c8f3843a3dd8a0b67e6293) Importer(815301076,1909f56bfc062723c751e8b465ee728b)  -> (artifact id: 'f20c37e36c8a0074caffd5cb2b393d4f') in 0.002660 seconds
  Import took 0.008802 seconds .

========================================================================
Received Import Request.
  Time since last request: 15.714927 seconds.
  path: Assets/Scenes/Menus/YesNoMenu.unity
  artifactKey: Guid(c3bd1500f1c8f3843a3dd8a0b67e6293) Importer(815301076,1909f56bfc062723c751e8b465ee728b)
Start importing Assets/Scenes/Menus/YesNoMenu.unity using Guid(c3bd1500f1c8f3843a3dd8a0b67e6293) Importer(815301076,1909f56bfc062723c751e8b465ee728b)  -> (artifact id: '4f6558e86447ab977f689af4426a5b35') in 0.009759 seconds
  Import took 0.015775 seconds .

========================================================================
Received Import Request.
  Time since last request: 59.503675 seconds.
  path: Assets/Scripts/Menus/TitleSceenMenu.cs
  artifactKey: Guid(bfef1586c90154744b8b51d5347af157) Importer(815301076,1909f56bfc062723c751e8b465ee728b)
Start importing Assets/Scripts/Menus/TitleSceenMenu.cs using Guid(bfef1586c90154744b8b51d5347af157) Importer(815301076,1909f56bfc062723c751e8b465ee728b)  -> (artifact id: '169b3da753bf3b4084353cbd82a33b72') in 0.055277 seconds
  Import took 0.061493 seconds .

========================================================================
Received Import Request.
  Time since last request: 3.599963 seconds.
  path: Assets/Scripts/Menus/TitleSceenMenu1.cs
  artifactKey: Guid(5321ffd868e28c24e950f76013698996) Importer(815301076,1909f56bfc062723c751e8b465ee728b)
Start importing Assets/Scripts/Menus/TitleSceenMenu1.cs using Guid(5321ffd868e28c24e950f76013698996) Importer(815301076,1909f56bfc062723c751e8b465ee728b)  -> (artifact id: '7349724119e88650ea8e57be1b0d6328') in 0.009612 seconds
  Import took 0.017150 seconds .

========================================================================
Received Import Request.
  Time since last request: 28.352048 seconds.
  path: Assets/Scripts/Menus/AudioOptiionsMenu.cs
  artifactKey: Guid(5321ffd868e28c24e950f76013698996) Importer(815301076,1909f56bfc062723c751e8b465ee728b)
Start importing Assets/Scripts/Menus/AudioOptiionsMenu.cs using Guid(5321ffd868e28c24e950f76013698996) Importer(815301076,1909f56bfc062723c751e8b465ee728b)  -> (artifact id: 'c5b1a10c15f4cb9b12bcbde9d3a28952') in 0.008051 seconds
  Import took 0.014497 seconds .

========================================================================
Received Prepare
Registering precompiled user dll's ...
Registered in 0.007898 seconds.
Begin MonoManager ReloadAssembly
Native extension for WindowsStandalone target not found
Refreshing native plugins compatible for Editor in 0.76 ms, found 3 plugins.
Preloading 0 native plugins for Editor in 0.00 ms.
Mono: successfully reloaded assembly
- Completed reload, in  1.143 seconds
Platform modules already initialized, skipping
Shader 'Universal Render Pipeline/Particles/Lit': fallback shader 'Universal Render Pipeline/Particles/SimpleLit' not found
Refreshing native plugins compatible for Editor in 0.73 ms, found 3 plugins.
Preloading 0 native plugins for Editor in 0.00 ms.
Unloading 3417 Unused Serialized files (Serialized files now loaded: 0)
System memory in use before: 150.9 MB.
System memory in use after: 151.0 MB.

Unloading 32 unused Assets to reduce memory usage. Loaded Objects now: 3970.
Total: 3.090900 ms (FindLiveObjects: 0.579000 ms CreateObjectMapping: 0.092300 ms MarkObjects: 2.272000 ms  DeleteObjects: 0.144300 ms)

========================================================================
Received Import Request.
  Time since last request: 66.438888 seconds.
  path: Assets/Scripts/Menus/AudioOptionsMenu.cs
  artifactKey: Guid(e8faf8a004392214fadb736e64dc1f53) Importer(815301076,1909f56bfc062723c751e8b465ee728b)
Start importing Assets/Scripts/Menus/AudioOptionsMenu.cs using Guid(e8faf8a004392214fadb736e64dc1f53) Importer(815301076,1909f56bfc062723c751e8b465ee728b)  -> (artifact id: 'faeb389e553bd8b62ae31dbfcc5d3842') in 0.012931 seconds
  Import took 0.019351 seconds .

========================================================================
Received Prepare
Registering precompiled user dll's ...
Registered in 0.008016 seconds.
Begin MonoManager ReloadAssembly
Native extension for WindowsStandalone target not found
Refreshing native plugins compatible for Editor in 0.74 ms, found 3 plugins.
Preloading 0 native plugins for Editor in 0.00 ms.
Mono: successfully reloaded assembly
- Completed reload, in  1.111 seconds
Platform modules already initialized, skipping
Shader 'Universal Render Pipeline/Particles/Lit': fallback shader 'Universal Render Pipeline/Particles/SimpleLit' not found
Refreshing native plugins compatible for Editor in 0.74 ms, found 3 plugins.
Preloading 0 native plugins for Editor in 0.00 ms.
Unloading 3418 Unused Serialized files (Serialized files now loaded: 0)
System memory in use before: 151.0 MB.
System memory in use after: 151.1 MB.

Unloading 32 unused Assets to reduce memory usage. Loaded Objects now: 3976.
Total: 4.109500 ms (FindLiveObjects: 0.546600 ms CreateObjectMapping: 0.244500 ms MarkObjects: 3.169900 ms  DeleteObjects: 0.145700 ms)

========================================================================
Received Import Request.
  Time since last request: 20.979677 seconds.
  path: Assets/Scripts/Menus/ControlOptionsMenu.cs
  artifactKey: Guid(547ba07b0dd894844a313ad520369473) Importer(815301076,1909f56bfc062723c751e8b465ee728b)
Start importing Assets/Scripts/Menus/ControlOptionsMenu.cs using Guid(547ba07b0dd894844a313ad520369473) Importer(815301076,1909f56bfc062723c751e8b465ee728b)  -> (artifact id: '8c68f7652ce927372c9fcb36c22fda35') in 0.012577 seconds
  Import took 0.018182 seconds .

========================================================================
Received Prepare
Registering precompiled user dll's ...
Registered in 0.007774 seconds.
Begin MonoManager ReloadAssembly
Native extension for WindowsStandalone target not found
Refreshing native plugins compatible for Editor in 0.78 ms, found 3 plugins.
Preloading 0 native plugins for Editor in 0.00 ms.
Mono: successfully reloaded assembly
- Completed reload, in  1.137 seconds
Platform modules already initialized, skipping
Shader 'Universal Render Pipeline/Particles/Lit': fallback shader 'Universal Render Pipeline/Particles/SimpleLit' not found
Refreshing native plugins compatible for Editor in 0.75 ms, found 3 plugins.
Preloading 0 native plugins for Editor in 0.00 ms.
Unloading 3419 Unused Serialized files (Serialized files now loaded: 0)
System memory in use before: 151.0 MB.
System memory in use after: 151.1 MB.

Unloading 32 unused Assets to reduce memory usage. Loaded Objects now: 3982.
Total: 3.885700 ms (FindLiveObjects: 0.585300 ms CreateObjectMapping: 0.441500 ms MarkObjects: 2.709200 ms  DeleteObjects: 0.147500 ms)

========================================================================
Received Import Request.
  Time since last request: 13.727816 seconds.
  path: Assets/Scripts/Menus/NewBehaviourScript.cs
  artifactKey: Guid(c9ccbae72525df64f9b1d01c1772897f) Importer(815301076,1909f56bfc062723c751e8b465ee728b)
Start importing Assets/Scripts/Menus/NewBehaviourScript.cs using Guid(c9ccbae72525df64f9b1d01c1772897f) Importer(815301076,1909f56bfc062723c751e8b465ee728b)  -> (artifact id: '87608eb57a76c763bee5813788159f74') in 0.013168 seconds
  Import took 0.018998 seconds .

========================================================================
Received Prepare
Registering precompiled user dll's ...
Registered in 0.009587 seconds.
Begin MonoManager ReloadAssembly
Native extension for WindowsStandalone target not found
Refreshing native plugins compatible for Editor in 0.79 ms, found 3 plugins.
Preloading 0 native plugins for Editor in 0.00 ms.
Mono: successfully reloaded assembly
- Completed reload, in  1.136 seconds
Platform modules already initialized, skipping
Shader 'Universal Render Pipeline/Particles/Lit': fallback shader 'Universal Render Pipeline/Particles/SimpleLit' not found
Refreshing native plugins compatible for Editor in 0.77 ms, found 3 plugins.
Preloading 0 native plugins for Editor in 0.00 ms.
Unloading 3420 Unused Serialized files (Serialized files now loaded: 0)
System memory in use before: 151.0 MB.
System memory in use after: 151.1 MB.

Unloading 32 unused Assets to reduce memory usage. Loaded Objects now: 3988.
Total: 4.195700 ms (FindLiveObjects: 0.382100 ms CreateObjectMapping: 0.092900 ms MarkObjects: 3.427700 ms  DeleteObjects: 0.290400 ms)

========================================================================
Received Import Request.
  Time since last request: 28.933797 seconds.
  path: Assets/Scripts/Menus/CraftSelectMenu.cs
  artifactKey: Guid(c9ccbae72525df64f9b1d01c1772897f) Importer(815301076,1909f56bfc062723c751e8b465ee728b)
Start importing Assets/Scripts/Menus/CraftSelectMenu.cs using Guid(c9ccbae72525df64f9b1d01c1772897f) Importer(815301076,1909f56bfc062723c751e8b465ee728b)  -> (artifact id: '53e918590a709eb1c4aab762abdf6329') in 0.013619 seconds
  Import took 0.019948 seconds .

========================================================================
Received Prepare
Registering precompiled user dll's ...
Registered in 0.009026 seconds.
Begin MonoManager ReloadAssembly
Native extension for WindowsStandalone target not found
Refreshing native plugins compatible for Editor in 0.77 ms, found 3 plugins.
Preloading 0 native plugins for Editor in 0.00 ms.
Mono: successfully reloaded assembly
- Completed reload, in  1.131 seconds
Platform modules already initialized, skipping
Shader 'Universal Render Pipeline/Particles/Lit': fallback shader 'Universal Render Pipeline/Particles/SimpleLit' not found
Refreshing native plugins compatible for Editor in 0.78 ms, found 3 plugins.
Preloading 0 native plugins for Editor in 0.00 ms.
Unloading 3420 Unused Serialized files (Serialized files now loaded: 0)
System memory in use before: 151.0 MB.
System memory in use after: 151.1 MB.

Unloading 32 unused Assets to reduce memory usage. Loaded Objects now: 3993.
Total: 3.321900 ms (FindLiveObjects: 0.437200 ms CreateObjectMapping: 0.176600 ms MarkObjects: 2.563200 ms  DeleteObjects: 0.142800 ms)

========================================================================
Received Import Request.
  Time since last request: 37.660597 seconds.
  path: Assets/Scripts/Menus/CreditsMenu.cs
  artifactKey: Guid(3a9dda2ff7d66c941b9011d175814a45) Importer(815301076,1909f56bfc062723c751e8b465ee728b)
Start importing Assets/Scripts/Menus/CreditsMenu.cs using Guid(3a9dda2ff7d66c941b9011d175814a45) Importer(815301076,1909f56bfc062723c751e8b465ee728b)  -> (artifact id: 'e23fcd525b542c2fbd1e566086b4c172') in 0.014736 seconds
  Import took 0.021076 seconds .

========================================================================
Received Prepare
Registering precompiled user dll's ...
Registered in 0.007966 seconds.
Begin MonoManager ReloadAssembly
Native extension for WindowsStandalone target not found
Refreshing native plugins compatible for Editor in 0.75 ms, found 3 plugins.
Preloading 0 native plugins for Editor in 0.00 ms.
Mono: successfully reloaded assembly
- Completed reload, in  1.116 seconds
Platform modules already initialized, skipping
Shader 'Universal Render Pipeline/Particles/Lit': fallback shader 'Universal Render Pipeline/Particles/SimpleLit' not found
Refreshing native plugins compatible for Editor in 0.77 ms, found 3 plugins.
Preloading 0 native plugins for Editor in 0.00 ms.
Unloading 3421 Unused Serialized files (Serialized files now loaded: 0)
System memory in use before: 151.1 MB.
System memory in use after: 151.2 MB.

Unloading 32 unused Assets to reduce memory usage. Loaded Objects now: 3999.
Total: 4.037300 ms (FindLiveObjects: 0.559400 ms CreateObjectMapping: 0.349600 ms MarkObjects: 2.984200 ms  DeleteObjects: 0.142100 ms)

========================================================================
Received Import Request.
  Time since last request: 27.555480 seconds.
  path: Assets/Scripts/Menus/GraphicsOptionsMenu.cs
  artifactKey: Guid(336ddc2939bcc074188c577b22031d9b) Importer(815301076,1909f56bfc062723c751e8b465ee728b)
Start importing Assets/Scripts/Menus/GraphicsOptionsMenu.cs using Guid(336ddc2939bcc074188c577b22031d9b) Importer(815301076,1909f56bfc062723c751e8b465ee728b)  -> (artifact id: '43fce18fb9327e94a99c6f412e524696') in 0.012464 seconds
  Import took 0.018640 seconds .

========================================================================
Received Prepare
Registering precompiled user dll's ...
Registered in 0.007596 seconds.
Begin MonoManager ReloadAssembly
Native extension for WindowsStandalone target not found
Refreshing native plugins compatible for Editor in 0.87 ms, found 3 plugins.
Preloading 0 native plugins for Editor in 0.00 ms.
Mono: successfully reloaded assembly
- Completed reload, in  1.121 seconds
Platform modules already initialized, skipping
Shader 'Universal Render Pipeline/Particles/Lit': fallback shader 'Universal Render Pipeline/Particles/SimpleLit' not found
Refreshing native plugins compatible for Editor in 0.77 ms, found 3 plugins.
Preloading 0 native plugins for Editor in 0.00 ms.
Unloading 3422 Unused Serialized files (Serialized files now loaded: 0)
System memory in use before: 151.1 MB.
System memory in use after: 151.2 MB.

Unloading 32 unused Assets to reduce memory usage. Loaded Objects now: 4005.
Total: 3.749200 ms (FindLiveObjects: 0.565700 ms CreateObjectMapping: 0.157500 ms MarkObjects: 2.861500 ms  DeleteObjects: 0.161400 ms)

========================================================================
Received Import Request.
  Time since last request: 17.495722 seconds.
  path: Assets/Scripts/Menus/ManiMenu.cs
  artifactKey: Guid(35b4dc4959f64c4448cbb874006e0221) Importer(815301076,1909f56bfc062723c751e8b465ee728b)
Start importing Assets/Scripts/Menus/ManiMenu.cs using Guid(35b4dc4959f64c4448cbb874006e0221) Importer(815301076,1909f56bfc062723c751e8b465ee728b)  -> (artifact id: 'f1c4b9aa892d11dba3618ea0372ea7b8') in 0.012558 seconds
  Import took 0.018347 seconds .

========================================================================
Received Prepare
Registering precompiled user dll's ...
Registered in 0.007703 seconds.
Begin MonoManager ReloadAssembly
Native extension for WindowsStandalone target not found
Refreshing native plugins compatible for Editor in 1.14 ms, found 3 plugins.
Preloading 0 native plugins for Editor in 0.00 ms.
Mono: successfully reloaded assembly
- Completed reload, in  1.109 seconds
Platform modules already initialized, skipping
Shader 'Universal Render Pipeline/Particles/Lit': fallback shader 'Universal Render Pipeline/Particles/SimpleLit' not found
Refreshing native plugins compatible for Editor in 0.74 ms, found 3 plugins.
Preloading 0 native plugins for Editor in 0.00 ms.
Unloading 3423 Unused Serialized files (Serialized files now loaded: 0)
System memory in use before: 151.1 MB.
System memory in use after: 151.2 MB.

Unloading 32 unused Assets to reduce memory usage. Loaded Objects now: 4011.
Total: 3.826700 ms (FindLiveObjects: 0.560400 ms CreateObjectMapping: 0.239200 ms MarkObjects: 2.873900 ms  DeleteObjects: 0.150600 ms)

========================================================================
Received Import Request.
  Time since last request: 11.991494 seconds.
  path: Assets/Scripts/Menus/MainMenu.cs
  artifactKey: Guid(35b4dc4959f64c4448cbb874006e0221) Importer(815301076,1909f56bfc062723c751e8b465ee728b)
Start importing Assets/Scripts/Menus/MainMenu.cs using Guid(35b4dc4959f64c4448cbb874006e0221) Importer(815301076,1909f56bfc062723c751e8b465ee728b)  -> (artifact id: '7017650cca9129bcb472d4a74d1f7a23') in 0.013342 seconds
  Import took 0.019826 seconds .

========================================================================
Received Prepare
Registering precompiled user dll's ...
Registered in 0.008708 seconds.
Begin MonoManager ReloadAssembly
Native extension for WindowsStandalone target not found
Refreshing native plugins compatible for Editor in 0.74 ms, found 3 plugins.
Preloading 0 native plugins for Editor in 0.00 ms.
Mono: successfully reloaded assembly
- Completed reload, in  1.119 seconds
Platform modules already initialized, skipping
Shader 'Universal Render Pipeline/Particles/Lit': fallback shader 'Universal Render Pipeline/Particles/SimpleLit' not found
Refreshing native plugins compatible for Editor in 0.76 ms, found 3 plugins.
Preloading 0 native plugins for Editor in 0.00 ms.
Unloading 3423 Unused Serialized files (Serialized files now loaded: 0)
System memory in use before: 151.1 MB.
System memory in use after: 151.2 MB.

Unloading 32 unused Assets to reduce memory usage. Loaded Objects now: 4016.
Total: 3.586100 ms (FindLiveObjects: 0.562600 ms CreateObjectMapping: 0.186900 ms MarkObjects: 2.689700 ms  DeleteObjects: 0.145400 ms)

========================================================================
Received Import Request.
  Time since last request: 115.002521 seconds.
  path: Assets/Scenes/Menus/TitleScreenMenu 1.unity
  artifactKey: Guid(5ef8310e1c1bec64789e11e45f24a9eb) Importer(815301076,1909f56bfc062723c751e8b465ee728b)
Start importing Assets/Scenes/Menus/TitleScreenMenu 1.unity using Guid(5ef8310e1c1bec64789e11e45f24a9eb) Importer(815301076,1909f56bfc062723c751e8b465ee728b)  -> (artifact id: 'd2d2011b4fdf2831100ec2dbf520e99a') in 0.048706 seconds
  Import took 0.055541 seconds .

========================================================================
Received Import Request.
  Time since last request: 1.113483 seconds.
  path: Assets/Scenes/Menus/TitleScreenMenu 2.unity
  artifactKey: Guid(bff3ffd25105d3247b115f8b41add666) Importer(815301076,1909f56bfc062723c751e8b465ee728b)
Start importing Assets/Scenes/Menus/TitleScreenMenu 2.unity using Guid(bff3ffd25105d3247b115f8b41add666) Importer(815301076,1909f56bfc062723c751e8b465ee728b)  -> (artifact id: '87e611111bd4140751a2ac90f1f01782') in 0.002779 seconds
  Import took 0.008714 seconds .

========================================================================
Received Import Request.
  Time since last request: 10.357494 seconds.
  path: Assets/Scenes/Menus/MainMenu.unity
  artifactKey: Guid(5ef8310e1c1bec64789e11e45f24a9eb) Importer(815301076,1909f56bfc062723c751e8b465ee728b)
Start importing Assets/Scenes/Menus/MainMenu.unity using Guid(5ef8310e1c1bec64789e11e45f24a9eb) Importer(815301076,1909f56bfc062723c751e8b465ee728b)  -> (artifact id: 'ae43b2b9a4035c7e705835e4cc131052') in 0.009173 seconds
  Import took 0.015232 seconds .

========================================================================
Received Import Request.
  Time since last request: 23.950022 seconds.
  path: Assets/Scenes/Menus/GraphicsOptionsMenu.unity
  artifactKey: Guid(bff3ffd25105d3247b115f8b41add666) Importer(815301076,1909f56bfc062723c751e8b465ee728b)
Start importing Assets/Scenes/Menus/GraphicsOptionsMenu.unity using Guid(bff3ffd25105d3247b115f8b41add666) Importer(815301076,1909f56bfc062723c751e8b465ee728b)  -> (artifact id: 'af8b1ea077bdd19a723377412365bd96') in 0.011089 seconds
  Import took 0.017910 seconds .

========================================================================
Received Import Request.
  Time since last request: 119.043036 seconds.
  path: Assets/Scripts/Menus/MedalsMenu.cs
  artifactKey: Guid(5cda227097e7cdd4f96d4018ee3e8120) Importer(815301076,1909f56bfc062723c751e8b465ee728b)
Start importing Assets/Scripts/Menus/MedalsMenu.cs using Guid(5cda227097e7cdd4f96d4018ee3e8120) Importer(815301076,1909f56bfc062723c751e8b465ee728b)  -> (artifact id: '819d340a0c6b1a2f7bf28996c1cc3a94') in 0.008415 seconds
  Import took 0.014490 seconds .

========================================================================
Received Prepare
Registering precompiled user dll's ...
Registered in 0.007636 seconds.
Begin MonoManager ReloadAssembly
Native extension for WindowsStandalone target not found
Refreshing native plugins compatible for Editor in 0.74 ms, found 3 plugins.
Preloading 0 native plugins for Editor in 0.00 ms.
Mono: successfully reloaded assembly
- Completed reload, in  1.145 seconds
Platform modules already initialized, skipping
Shader 'Universal Render Pipeline/Particles/Lit': fallback shader 'Universal Render Pipeline/Particles/SimpleLit' not found
Refreshing native plugins compatible for Editor in 0.71 ms, found 3 plugins.
Preloading 0 native plugins for Editor in 0.00 ms.
Unloading 3424 Unused Serialized files (Serialized files now loaded: 0)
System memory in use before: 151.2 MB.
System memory in use after: 151.3 MB.

Unloading 32 unused Assets to reduce memory usage. Loaded Objects now: 4022.
Total: 3.269200 ms (FindLiveObjects: 0.357300 ms CreateObjectMapping: 0.093100 ms MarkObjects: 2.629800 ms  DeleteObjects: 0.187100 ms)

========================================================================
Received Import Request.
  Time since last request: 26.097487 seconds.
  path: Assets/Scripts/Menus/NewBehaviourScript.cs
  artifactKey: Guid(cd3864fd116cbe341a73419bd832b303) Importer(815301076,1909f56bfc062723c751e8b465ee728b)
Start importing Assets/Scripts/Menus/NewBehaviourScript.cs using Guid(cd3864fd116cbe341a73419bd832b303) Importer(815301076,1909f56bfc062723c751e8b465ee728b)  -> (artifact id: 'ea02170abae599d0a091ab5129a5c277') in 0.006936 seconds
  Import took 0.013147 seconds .

========================================================================
Received Prepare
Registering precompiled user dll's ...
Registered in 0.008247 seconds.
Begin MonoManager ReloadAssembly
Native extension for WindowsStandalone target not found
Refreshing native plugins compatible for Editor in 0.74 ms, found 3 plugins.
Preloading 0 native plugins for Editor in 0.00 ms.
Mono: successfully reloaded assembly
- Completed reload, in  1.155 seconds
Platform modules already initialized, skipping
Shader 'Universal Render Pipeline/Particles/Lit': fallback shader 'Universal Render Pipeline/Particles/SimpleLit' not found
Refreshing native plugins compatible for Editor in 0.79 ms, found 3 plugins.
Preloading 0 native plugins for Editor in 0.00 ms.
Unloading 3424 Unused Serialized files (Serialized files now loaded: 0)
System memory in use before: 151.2 MB.
System memory in use after: 151.3 MB.

Unloading 32 unused Assets to reduce memory usage. Loaded Objects now: 4027.
Total: 3.195000 ms (FindLiveObjects: 0.368500 ms CreateObjectMapping: 0.092200 ms MarkObjects: 2.589100 ms  DeleteObjects: 0.143100 ms)

========================================================================
Received Import Request.
  Time since last request: 39.379356 seconds.
  path: Assets/Scripts/Menus/OptionsMenu.cs
  artifactKey: Guid(397e594b4df6ee640a2e19a2c0b16344) Importer(815301076,1909f56bfc062723c751e8b465ee728b)
Start importing Assets/Scripts/Menus/OptionsMenu.cs using Guid(397e594b4df6ee640a2e19a2c0b16344) Importer(815301076,1909f56bfc062723c751e8b465ee728b)  -> (artifact id: '0eb0898ab3d1f6943ab975fa31427a97') in 0.013977 seconds
  Import took 0.019920 seconds .

========================================================================
Received Prepare
Registering precompiled user dll's ...
Registered in 0.007800 seconds.
Begin MonoManager ReloadAssembly
Native extension for WindowsStandalone target not found
Refreshing native plugins compatible for Editor in 0.73 ms, found 3 plugins.
Preloading 0 native plugins for Editor in 0.00 ms.
Mono: successfully reloaded assembly
- Completed reload, in  1.132 seconds
Platform modules already initialized, skipping
Shader 'Universal Render Pipeline/Particles/Lit': fallback shader 'Universal Render Pipeline/Particles/SimpleLit' not found
Refreshing native plugins compatible for Editor in 0.83 ms, found 3 plugins.
Preloading 0 native plugins for Editor in 0.00 ms.
Unloading 3425 Unused Serialized files (Serialized files now loaded: 0)
System memory in use before: 151.2 MB.
System memory in use after: 151.3 MB.

Unloading 32 unused Assets to reduce memory usage. Loaded Objects now: 4033.
Total: 3.555400 ms (FindLiveObjects: 0.450700 ms CreateObjectMapping: 0.176300 ms MarkObjects: 2.785600 ms  DeleteObjects: 0.140300 ms)

========================================================================
Received Import Request.
  Time since last request: 21.109099 seconds.
  path: Assets/Scripts/Menus/PauseMenu.cs
  artifactKey: Guid(f1c01b9732ba91741b9ffcc6d75013c4) Importer(815301076,1909f56bfc062723c751e8b465ee728b)
Start importing Assets/Scripts/Menus/PauseMenu.cs using Guid(f1c01b9732ba91741b9ffcc6d75013c4) Importer(815301076,1909f56bfc062723c751e8b465ee728b)  -> (artifact id: '191283f6cebe6252678fb20c9f1b0276') in 0.014069 seconds
  Import took 0.020428 seconds .

========================================================================
Received Prepare
Registering precompiled user dll's ...
Registered in 0.007624 seconds.
Begin MonoManager ReloadAssembly
Native extension for WindowsStandalone target not found
Refreshing native plugins compatible for Editor in 0.73 ms, found 3 plugins.
Preloading 0 native plugins for Editor in 0.00 ms.
Mono: successfully reloaded assembly
- Completed reload, in  1.131 seconds
Platform modules already initialized, skipping
Shader 'Universal Render Pipeline/Particles/Lit': fallback shader 'Universal Render Pipeline/Particles/SimpleLit' not found
Refreshing native plugins compatible for Editor in 0.81 ms, found 3 plugins.
Preloading 0 native plugins for Editor in 0.00 ms.
Unloading 3426 Unused Serialized files (Serialized files now loaded: 0)
System memory in use before: 151.3 MB.
System memory in use after: 151.4 MB.

Unloading 32 unused Assets to reduce memory usage. Loaded Objects now: 4039.
Total: 4.028300 ms (FindLiveObjects: 0.571200 ms CreateObjectMapping: 0.242600 ms MarkObjects: 3.067400 ms  DeleteObjects: 0.144600 ms)

========================================================================
Received Import Request.
  Time since last request: 30.141524 seconds.
  path: Assets/Scripts/Menus/PlayMenu.cs
  artifactKey: Guid(1a3673caa406d324fab506d8b6a910a8) Importer(815301076,1909f56bfc062723c751e8b465ee728b)
Start importing Assets/Scripts/Menus/PlayMenu.cs using Guid(1a3673caa406d324fab506d8b6a910a8) Importer(815301076,1909f56bfc062723c751e8b465ee728b)  -> (artifact id: '49166c516d3f97fbef2260eb1f0ee2db') in 0.015619 seconds
  Import took 0.023183 seconds .

========================================================================
Received Import Request.
  Time since last request: 0.062202 seconds.
  path: Assets/Scripts/Menus/PlayMenu.cs
  artifactKey: Guid(1a3673caa406d324fab506d8b6a910a8) Importer(815301076,1909f56bfc062723c751e8b465ee728b)
Start importing Assets/Scripts/Menus/PlayMenu.cs using Guid(1a3673caa406d324fab506d8b6a910a8) Importer(815301076,1909f56bfc062723c751e8b465ee728b)  -> (artifact id: '49166c516d3f97fbef2260eb1f0ee2db') in 0.006366 seconds
  Import took 0.014224 seconds .

========================================================================
Received Prepare
Registering precompiled user dll's ...
Registered in 0.010462 seconds.
Begin MonoManager ReloadAssembly
Native extension for WindowsStandalone target not found
Refreshing native plugins compatible for Editor in 0.74 ms, found 3 plugins.
Preloading 0 native plugins for Editor in 0.00 ms.
Mono: successfully reloaded assembly
- Completed reload, in  1.203 seconds
Platform modules already initialized, skipping
Shader 'Universal Render Pipeline/Particles/Lit': fallback shader 'Universal Render Pipeline/Particles/SimpleLit' not found
Refreshing native plugins compatible for Editor in 0.94 ms, found 3 plugins.
Preloading 0 native plugins for Editor in 0.00 ms.
Unloading 3427 Unused Serialized files (Serialized files now loaded: 0)
System memory in use before: 151.3 MB.
System memory in use after: 151.4 MB.

Unloading 32 unused Assets to reduce memory usage. Loaded Objects now: 4045.
Total: 4.143300 ms (FindLiveObjects: 0.738900 ms CreateObjectMapping: 0.196100 ms MarkObjects: 3.062000 ms  DeleteObjects: 0.144300 ms)

========================================================================
Received Import Request.
  Time since last request: 89.307454 seconds.
  path: Assets/Scripts/Menus/PracticeArenaMenu.cs
  artifactKey: Guid(ec217d41b18820744b19a1a6f43425cb) Importer(815301076,1909f56bfc062723c751e8b465ee728b)
Start importing Assets/Scripts/Menus/PracticeArenaMenu.cs using Guid(ec217d41b18820744b19a1a6f43425cb) Importer(815301076,1909f56bfc062723c751e8b465ee728b)  -> (artifact id: 'bbe0a3b02278a3cbe0ea5bbdbff5fb84') in 0.016050 seconds
  Import took 0.022535 seconds .

========================================================================
Received Prepare
Registering precompiled user dll's ...
Registered in 0.009657 seconds.
Begin MonoManager ReloadAssembly
Native extension for WindowsStandalone target not found
Refreshing native plugins compatible for Editor in 0.75 ms, found 3 plugins.
Preloading 0 native plugins for Editor in 0.00 ms.
Mono: successfully reloaded assembly
- Completed reload, in  1.156 seconds
Platform modules already initialized, skipping
Shader 'Universal Render Pipeline/Particles/Lit': fallback shader 'Universal Render Pipeline/Particles/SimpleLit' not found
Refreshing native plugins compatible for Editor in 0.74 ms, found 3 plugins.
Preloading 0 native plugins for Editor in 0.00 ms.
Unloading 3428 Unused Serialized files (Serialized files now loaded: 0)
System memory in use before: 151.3 MB.
System memory in use after: 151.4 MB.

Unloading 32 unused Assets to reduce memory usage. Loaded Objects now: 4051.
Total: 4.452000 ms (FindLiveObjects: 0.354200 ms CreateObjectMapping: 0.092500 ms MarkObjects: 3.843400 ms  DeleteObjects: 0.159700 ms)

========================================================================
Received Import Request.
  Time since last request: 38.156549 seconds.
  path: Assets/Scripts/Menus/PracticeMenu.cs
  artifactKey: Guid(6b20195e2b0eb6340b4f7e2aa89cfe67) Importer(815301076,1909f56bfc062723c751e8b465ee728b)
Start importing Assets/Scripts/Menus/PracticeMenu.cs using Guid(6b20195e2b0eb6340b4f7e2aa89cfe67) Importer(815301076,1909f56bfc062723c751e8b465ee728b)  -> (artifact id: 'c6d5e373b4abcb160472226363c13b97') in 0.016025 seconds
  Import took 0.023031 seconds .

========================================================================
Received Prepare
Registering precompiled user dll's ...
Registered in 0.007778 seconds.
Begin MonoManager ReloadAssembly
Native extension for WindowsStandalone target not found
Refreshing native plugins compatible for Editor in 0.76 ms, found 3 plugins.
Preloading 0 native plugins for Editor in 0.00 ms.
Mono: successfully reloaded assembly
- Completed reload, in  1.129 seconds
Platform modules already initialized, skipping
Shader 'Universal Render Pipeline/Particles/Lit': fallback shader 'Universal Render Pipeline/Particles/SimpleLit' not found
Refreshing native plugins compatible for Editor in 0.74 ms, found 3 plugins.
Preloading 0 native plugins for Editor in 0.00 ms.
Unloading 3429 Unused Serialized files (Serialized files now loaded: 0)
System memory in use before: 151.4 MB.
System memory in use after: 151.5 MB.

Unloading 32 unused Assets to reduce memory usage. Loaded Objects now: 4057.
Total: 4.305200 ms (FindLiveObjects: 0.471900 ms CreateObjectMapping: 0.181400 ms MarkObjects: 3.492000 ms  DeleteObjects: 0.157400 ms)

========================================================================
Received Import Request.
  Time since last request: 28.434202 seconds.
  path: Assets/Scripts/Menus/PracticeStageMenu.cs
  artifactKey: Guid(cc7b58f5f8ba29f4dab4228aa90c5892) Importer(815301076,1909f56bfc062723c751e8b465ee728b)
Start importing Assets/Scripts/Menus/PracticeStageMenu.cs using Guid(cc7b58f5f8ba29f4dab4228aa90c5892) Importer(815301076,1909f56bfc062723c751e8b465ee728b)  -> (artifact id: '1cf2d3430d5a5c84b39e389f39724755') in 0.013754 seconds
  Import took 0.020142 seconds .

========================================================================
Received Prepare
Registering precompiled user dll's ...
Registered in 0.008071 seconds.
Begin MonoManager ReloadAssembly
Native extension for WindowsStandalone target not found
Refreshing native plugins compatible for Editor in 0.78 ms, found 3 plugins.
Preloading 0 native plugins for Editor in 0.00 ms.
Mono: successfully reloaded assembly
- Completed reload, in  1.132 seconds
Platform modules already initialized, skipping
Shader 'Universal Render Pipeline/Particles/Lit': fallback shader 'Universal Render Pipeline/Particles/SimpleLit' not found
Refreshing native plugins compatible for Editor in 0.94 ms, found 3 plugins.
Preloading 0 native plugins for Editor in 0.00 ms.
Unloading 3430 Unused Serialized files (Serialized files now loaded: 0)
System memory in use before: 151.4 MB.
System memory in use after: 151.5 MB.

Unloading 32 unused Assets to reduce memory usage. Loaded Objects now: 4063.
Total: 4.003700 ms (FindLiveObjects: 0.447100 ms CreateObjectMapping: 0.179600 ms MarkObjects: 3.233600 ms  DeleteObjects: 0.141100 ms)

========================================================================
Received Import Request.
  Time since last request: 21.280261 seconds.
  path: Assets/Scripts/Menus/ReplaysMenu.cs
  artifactKey: Guid(8ee02f12945f78f4e8dbe654113c3a2d) Importer(815301076,1909f56bfc062723c751e8b465ee728b)
Start importing Assets/Scripts/Menus/ReplaysMenu.cs using Guid(8ee02f12945f78f4e8dbe654113c3a2d) Importer(815301076,1909f56bfc062723c751e8b465ee728b)  -> (artifact id: '148fb1ecf69d81121426f1bef207ad6f') in 0.013437 seconds
  Import took 0.019473 seconds .

========================================================================
Received Prepare
Registering precompiled user dll's ...
Registered in 0.010540 seconds.
Begin MonoManager ReloadAssembly
Native extension for WindowsStandalone target not found
Refreshing native plugins compatible for Editor in 0.79 ms, found 3 plugins.
Preloading 0 native plugins for Editor in 0.00 ms.
Mono: successfully reloaded assembly
- Completed reload, in  1.131 seconds
Platform modules already initialized, skipping
Shader 'Universal Render Pipeline/Particles/Lit': fallback shader 'Universal Render Pipeline/Particles/SimpleLit' not found
Refreshing native plugins compatible for Editor in 0.75 ms, found 3 plugins.
Preloading 0 native plugins for Editor in 0.00 ms.
Unloading 3431 Unused Serialized files (Serialized files now loaded: 0)
System memory in use before: 151.4 MB.
System memory in use after: 151.5 MB.

Unloading 32 unused Assets to reduce memory usage. Loaded Objects now: 4069.
Total: 3.313200 ms (FindLiveObjects: 0.617600 ms CreateObjectMapping: 0.190600 ms MarkObjects: 2.366000 ms  DeleteObjects: 0.135800 ms)

========================================================================
Received Import Request.
  Time since last request: 24.782756 seconds.
  path: Assets/Scripts/Menus/ScoresMenu.cs
  artifactKey: Guid(63273fcb0f763844192316253970c2f8) Importer(815301076,1909f56bfc062723c751e8b465ee728b)
Start importing Assets/Scripts/Menus/ScoresMenu.cs using Guid(63273fcb0f763844192316253970c2f8) Importer(815301076,1909f56bfc062723c751e8b465ee728b)  -> (artifact id: '459e7388a6a4756da54d34f5b1631813') in 0.013435 seconds
  Import took 0.020092 seconds .

========================================================================
Received Prepare
Registering precompiled user dll's ...
Registered in 0.007849 seconds.
Begin MonoManager ReloadAssembly
Native extension for WindowsStandalone target not found
Refreshing native plugins compatible for Editor in 0.74 ms, found 3 plugins.
Preloading 0 native plugins for Editor in 0.00 ms.
Mono: successfully reloaded assembly
- Completed reload, in  1.141 seconds
Platform modules already initialized, skipping
Shader 'Universal Render Pipeline/Particles/Lit': fallback shader 'Universal Render Pipeline/Particles/SimpleLit' not found
Refreshing native plugins compatible for Editor in 0.79 ms, found 3 plugins.
Preloading 0 native plugins for Editor in 0.00 ms.
Unloading 3432 Unused Serialized files (Serialized files now loaded: 0)
System memory in use before: 151.5 MB.
System memory in use after: 151.6 MB.

Unloading 32 unused Assets to reduce memory usage. Loaded Objects now: 4075.
Total: 3.380500 ms (FindLiveObjects: 0.585000 ms CreateObjectMapping: 0.146200 ms MarkObjects: 2.491000 ms  DeleteObjects: 0.156100 ms)

========================================================================
Received Import Request.
  Time since last request: 39.503018 seconds.
  path: Assets/Scripts/Menus/YesNoMenu.cs
  artifactKey: Guid(c62c2ad15453bf141a02a79cf7da1e7f) Importer(815301076,1909f56bfc062723c751e8b465ee728b)
Start importing Assets/Scripts/Menus/YesNoMenu.cs using Guid(c62c2ad15453bf141a02a79cf7da1e7f) Importer(815301076,1909f56bfc062723c751e8b465ee728b)  -> (artifact id: '483724ab56604033f68116d955e7dd43') in 0.013312 seconds
  Import took 0.018957 seconds .

========================================================================
Received Prepare
Registering precompiled user dll's ...
Registered in 0.007568 seconds.
Begin MonoManager ReloadAssembly
Native extension for WindowsStandalone target not found
Refreshing native plugins compatible for Editor in 0.75 ms, found 3 plugins.
Preloading 0 native plugins for Editor in 0.00 ms.
Mono: successfully reloaded assembly
- Completed reload, in  1.114 seconds
Platform modules already initialized, skipping
Shader 'Universal Render Pipeline/Particles/Lit': fallback shader 'Universal Render Pipeline/Particles/SimpleLit' not found
Refreshing native plugins compatible for Editor in 0.74 ms, found 3 plugins.
Preloading 0 native plugins for Editor in 0.00 ms.
Unloading 3433 Unused Serialized files (Serialized files now loaded: 0)
System memory in use before: 151.5 MB.
System memory in use after: 151.6 MB.

Unloading 32 unused Assets to reduce memory usage. Loaded Objects now: 4081.
Total: 4.580000 ms (FindLiveObjects: 0.535700 ms CreateObjectMapping: 0.202600 ms MarkObjects: 3.273400 ms  DeleteObjects: 0.563500 ms)

========================================================================
Received Import Request.
  Time since last request: 232.952715 seconds.
  path: Assets/Scenes/SampleScene.unity
  artifactKey: Guid(2cda990e2423bbf4892e6590ba056729) Importer(815301076,1909f56bfc062723c751e8b465ee728b)
Start importing Assets/Scenes/SampleScene.unity using Guid(2cda990e2423bbf4892e6590ba056729) Importer(815301076,1909f56bfc062723c751e8b465ee728b)  -> (artifact id: 'b3bb9924d8ee34b2904850b22881b57f') in 0.061404 seconds
  Import took 0.067829 seconds .

========================================================================
Received Prepare
Registering precompiled user dll's ...
Registered in 0.011122 seconds.
Begin MonoManager ReloadAssembly
Native extension for WindowsStandalone target not found
Refreshing native plugins compatible for Editor in 1.02 ms, found 3 plugins.
Preloading 0 native plugins for Editor in 0.00 ms.
Mono: successfully reloaded assembly
- Completed reload, in  1.175 seconds
Platform modules already initialized, skipping
Shader 'Universal Render Pipeline/Particles/Lit': fallback shader 'Universal Render Pipeline/Particles/SimpleLit' not found
Refreshing native plugins compatible for Editor in 0.80 ms, found 3 plugins.
Preloading 0 native plugins for Editor in 0.00 ms.
Unloading 3433 Unused Serialized files (Serialized files now loaded: 0)
System memory in use before: 151.5 MB.
System memory in use after: 151.6 MB.

Unloading 32 unused Assets to reduce memory usage. Loaded Objects now: 4086.
Total: 3.877600 ms (FindLiveObjects: 0.595500 ms CreateObjectMapping: 0.260800 ms MarkObjects: 2.878500 ms  DeleteObjects: 0.140300 ms)

========================================================================
Received Prepare
Registering precompiled user dll's ...
Registered in 0.009485 seconds.
Begin MonoManager ReloadAssembly
Native extension for WindowsStandalone target not found
Refreshing native plugins compatible for Editor in 0.75 ms, found 3 plugins.
Preloading 0 native plugins for Editor in 0.00 ms.
Mono: successfully reloaded assembly
- Completed reload, in  1.129 seconds
Platform modules already initialized, skipping
Shader 'Universal Render Pipeline/Particles/Lit': fallback shader 'Universal Render Pipeline/Particles/SimpleLit' not found
Refreshing native plugins compatible for Editor in 0.74 ms, found 3 plugins.
Preloading 0 native plugins for Editor in 0.00 ms.
Unloading 3433 Unused Serialized files (Serialized files now loaded: 0)
System memory in use before: 151.6 MB.
System memory in use after: 151.7 MB.

Unloading 32 unused Assets to reduce memory usage. Loaded Objects now: 4091.
Total: 4.119500 ms (FindLiveObjects: 0.485400 ms CreateObjectMapping: 0.212900 ms MarkObjects: 3.272500 ms  DeleteObjects: 0.146700 ms)

========================================================================
Received Import Request.
  Time since last request: 469.394027 seconds.
  path: Assets/Scripts/Menus/MainMenu.cs
  artifactKey: Guid(35b4dc4959f64c4448cbb874006e0221) Importer(815301076,1909f56bfc062723c751e8b465ee728b)
Start importing Assets/Scripts/Menus/MainMenu.cs using Guid(35b4dc4959f64c4448cbb874006e0221) Importer(815301076,1909f56bfc062723c751e8b465ee728b)  -> (artifact id: 'dd02d3230a0102b235cfbce94e21fdd3') in 0.007246 seconds
  Import took 0.014123 seconds .

========================================================================
Received Prepare
Registering precompiled user dll's ...
Registered in 0.008504 seconds.
Begin MonoManager ReloadAssembly
Native extension for WindowsStandalone target not found
Refreshing native plugins compatible for Editor in 1.07 ms, found 3 plugins.
Preloading 0 native plugins for Editor in 0.00 ms.
Mono: successfully reloaded assembly
- Completed reload, in  1.147 seconds
Platform modules already initialized, skipping
Shader 'Universal Render Pipeline/Particles/Lit': fallback shader 'Universal Render Pipeline/Particles/SimpleLit' not found
Refreshing native plugins compatible for Editor in 0.75 ms, found 3 plugins.
Preloading 0 native plugins for Editor in 0.00 ms.
Unloading 3433 Unused Serialized files (Serialized files now loaded: 0)
System memory in use before: 151.6 MB.
System memory in use after: 151.7 MB.

Unloading 32 unused Assets to reduce memory usage. Loaded Objects now: 4096.
Total: 4.499200 ms (FindLiveObjects: 0.371100 ms CreateObjectMapping: 0.094200 ms MarkObjects: 3.822700 ms  DeleteObjects: 0.208700 ms)

========================================================================
Received Import Request.
  Time since last request: 72.962012 seconds.
  path: Assets/Scripts/Menus/AudioOptionsMenu.cs
  artifactKey: Guid(e8faf8a004392214fadb736e64dc1f53) Importer(815301076,1909f56bfc062723c751e8b465ee728b)
Start importing Assets/Scripts/Menus/AudioOptionsMenu.cs using Guid(e8faf8a004392214fadb736e64dc1f53) Importer(815301076,1909f56bfc062723c751e8b465ee728b)  -> (artifact id: '90367316072eda67fbe8cde0b368cebc') in 0.011991 seconds
  Import took 0.017835 seconds .

========================================================================
Received Import Request.
  Time since last request: 69.436781 seconds.
  path: Assets/Scenes/Menus/AudioOptionsMenu.unity
  artifactKey: Guid(d175848c5b72e2d45b547c25de649d14) Importer(815301076,1909f56bfc062723c751e8b465ee728b)
Start importing Assets/Scenes/Menus/AudioOptionsMenu.unity using Guid(d175848c5b72e2d45b547c25de649d14) Importer(815301076,1909f56bfc062723c751e8b465ee728b)  -> (artifact id: '7d02aedc7921785184d000c9f3f65cc5') in 0.026147 seconds
  Import took 0.032255 seconds .

========================================================================
Received Prepare
Registering precompiled user dll's ...
Registered in 0.007598 seconds.
Begin MonoManager ReloadAssembly
Native extension for WindowsStandalone target not found
Refreshing native plugins compatible for Editor in 0.77 ms, found 3 plugins.
Preloading 0 native plugins for Editor in 0.00 ms.
Mono: successfully reloaded assembly
- Completed reload, in  1.139 seconds
Platform modules already initialized, skipping
Shader 'Universal Render Pipeline/Particles/Lit': fallback shader 'Universal Render Pipeline/Particles/SimpleLit' not found
Refreshing native plugins compatible for Editor in 0.76 ms, found 3 plugins.
Preloading 0 native plugins for Editor in 0.00 ms.
Unloading 3433 Unused Serialized files (Serialized files now loaded: 0)
System memory in use before: 151.6 MB.
System memory in use after: 151.7 MB.

Unloading 32 unused Assets to reduce memory usage. Loaded Objects now: 4101.
Total: 3.832400 ms (FindLiveObjects: 0.616200 ms CreateObjectMapping: 0.092800 ms MarkObjects: 2.978700 ms  DeleteObjects: 0.141500 ms)

AssetImportWorkerClient::OnTransportError - code=2 error=End of file
